2024-12-13 10:50:35,588 - INFO - Servidor iniciado e escutando na porta 5000...
2024-12-13 10:53:04,192 - INFO - Conexo estabelecida com ('127.0.0.1', 62994)
2024-12-13 10:53:04,192 - INFO - Clientes ativos: 1
2024-12-13 10:53:08,357 - INFO - Mensagem recebida de ('127.0.0.1', 62994): andrei
2024-12-13 10:54:34,449 - INFO - Mensagem enviada para ('127.0.0.1', 62994): andrei
2024-12-13 10:54:57,239 - INFO - Mensagem recebida de ('127.0.0.1', 62994): andrei
2024-12-13 10:56:20,682 - INFO - Mensagem enviada para ('127.0.0.1', 62994): joia
2024-12-13 10:58:16,559 - INFO - Servidor iniciado e escutando na porta 5000...
2024-12-13 10:58:16,604 - INFO - Monitoramento: CPU 0.0% | Mem贸ria 73.2% | Clientes ativos 1
2024-12-13 10:58:21,607 - INFO - Monitoramento: CPU 6.9% | Mem贸ria 73.3% | Clientes ativos 1
2024-12-13 10:58:26,611 - INFO - Monitoramento: CPU 14.1% | Mem贸ria 73.2% | Clientes ativos 1
2024-12-13 10:58:31,614 - INFO - Monitoramento: CPU 10.2% | Mem贸ria 73.0% | Clientes ativos 1
2024-12-13 10:58:36,617 - INFO - Monitoramento: CPU 9.1% | Mem贸ria 73.0% | Clientes ativos 1
2024-12-13 10:58:41,621 - INFO - Monitoramento: CPU 23.5% | Mem贸ria 73.1% | Clientes ativos 1
2024-12-13 10:58:46,625 - INFO - Monitoramento: CPU 9.1% | Mem贸ria 72.9% | Clientes ativos 1
2024-12-13 10:58:51,630 - INFO - Monitoramento: CPU 10.6% | Mem贸ria 72.9% | Clientes ativos 1
2024-12-13 10:58:54,435 - INFO - Conex茫o estabelecida com ('127.0.0.1', 63245)
2024-12-13 10:58:54,435 - INFO - Clientes ativos: 2
2024-12-13 10:58:56,634 - INFO - Monitoramento: CPU 7.4% | Mem贸ria 73.1% | Clientes ativos 2
2024-12-13 10:58:57,539 - INFO - Mensagem recebida de ('127.0.0.1', 63245): a
2024-12-13 10:59:01,637 - INFO - Monitoramento: CPU 13.9% | Mem贸ria 72.9% | Clientes ativos 2
2024-12-13 10:59:06,641 - INFO - Monitoramento: CPU 15.3% | Mem贸ria 73.1% | Clientes ativos 2
2024-12-13 10:59:11,646 - INFO - Monitoramento: CPU 17.6% | Mem贸ria 73.1% | Clientes ativos 2
2024-12-13 10:59:16,650 - INFO - Monitoramento: CPU 28.5% | Mem贸ria 73.1% | Clientes ativos 2
2024-12-13 10:59:21,654 - INFO - Monitoramento: CPU 7.2% | Mem贸ria 73.0% | Clientes ativos 2
2024-12-13 10:59:26,665 - INFO - Monitoramento: CPU 6.4% | Mem贸ria 73.0% | Clientes ativos 2
2024-12-13 10:59:31,674 - INFO - Monitoramento: CPU 12.8% | Mem贸ria 73.3% | Clientes ativos 2
2024-12-13 10:59:36,680 - INFO - Monitoramento: CPU 13.7% | Mem贸ria 73.8% | Clientes ativos 2
2024-12-13 10:59:41,687 - INFO - Monitoramento: CPU 20.3% | Mem贸ria 74.3% | Clientes ativos 2
2024-12-13 10:59:46,692 - INFO - Monitoramento: CPU 26.1% | Mem贸ria 75.1% | Clientes ativos 2
2024-12-13 10:59:51,697 - INFO - Monitoramento: CPU 20.9% | Mem贸ria 75.2% | Clientes ativos 2
2024-12-13 10:59:56,701 - INFO - Monitoramento: CPU 18.2% | Mem贸ria 75.3% | Clientes ativos 2
2024-12-13 11:00:01,705 - INFO - Monitoramento: CPU 24.6% | Mem贸ria 75.6% | Clientes ativos 2
2024-12-13 11:00:06,708 - INFO - Monitoramento: CPU 28.3% | Mem贸ria 75.6% | Clientes ativos 2
2024-12-13 11:00:11,715 - INFO - Monitoramento: CPU 28.3% | Mem贸ria 76.1% | Clientes ativos 2
2024-12-13 11:00:16,719 - INFO - Monitoramento: CPU 27.3% | Mem贸ria 73.6% | Clientes ativos 2
2024-12-13 11:00:21,727 - INFO - Monitoramento: CPU 15.6% | Mem贸ria 73.3% | Clientes ativos 2
2024-12-13 11:00:26,736 - INFO - Monitoramento: CPU 9.4% | Mem贸ria 73.3% | Clientes ativos 2
2024-12-13 11:00:31,741 - INFO - Monitoramento: CPU 18.2% | Mem贸ria 73.6% | Clientes ativos 2
2024-12-13 11:00:36,745 - INFO - Monitoramento: CPU 34.5% | Mem贸ria 73.6% | Clientes ativos 2
2024-12-13 11:00:41,749 - INFO - Monitoramento: CPU 33.1% | Mem贸ria 74.2% | Clientes ativos 2
2024-12-13 11:00:46,753 - INFO - Monitoramento: CPU 18.0% | Mem贸ria 74.4% | Clientes ativos 2
2024-12-13 11:00:51,756 - INFO - Monitoramento: CPU 8.8% | Mem贸ria 74.3% | Clientes ativos 2
2024-12-13 11:00:56,761 - INFO - Monitoramento: CPU 6.9% | Mem贸ria 74.2% | Clientes ativos 2
2024-12-13 11:01:01,764 - INFO - Monitoramento: CPU 11.7% | Mem贸ria 74.7% | Clientes ativos 2
2024-12-13 11:01:06,767 - INFO - Monitoramento: CPU 21.7% | Mem贸ria 75.1% | Clientes ativos 2
2024-12-13 11:01:11,774 - INFO - Monitoramento: CPU 25.3% | Mem贸ria 76.1% | Clientes ativos 2
2024-12-13 11:01:16,779 - INFO - Monitoramento: CPU 25.1% | Mem贸ria 76.1% | Clientes ativos 2
2024-12-13 11:01:21,788 - INFO - Monitoramento: CPU 30.9% | Mem贸ria 77.4% | Clientes ativos 2
2024-12-13 11:01:26,796 - INFO - Monitoramento: CPU 29.7% | Mem贸ria 75.0% | Clientes ativos 2
2024-12-13 11:01:31,801 - INFO - Monitoramento: CPU 24.8% | Mem贸ria 74.2% | Clientes ativos 2
2024-12-13 11:01:36,807 - INFO - Monitoramento: CPU 12.4% | Mem贸ria 74.2% | Clientes ativos 2
2024-12-13 11:01:41,812 - INFO - Monitoramento: CPU 12.3% | Mem贸ria 75.0% | Clientes ativos 2
2024-12-13 11:01:46,816 - INFO - Monitoramento: CPU 25.2% | Mem贸ria 75.5% | Clientes ativos 2
2024-12-13 11:01:51,821 - INFO - Monitoramento: CPU 14.7% | Mem贸ria 76.2% | Clientes ativos 2
2024-12-13 11:01:56,831 - INFO - Monitoramento: CPU 15.3% | Mem贸ria 76.1% | Clientes ativos 2
2024-12-13 11:02:01,839 - INFO - Monitoramento: CPU 7.9% | Mem贸ria 74.6% | Clientes ativos 2
2024-12-13 11:02:06,845 - INFO - Monitoramento: CPU 9.6% | Mem贸ria 73.8% | Clientes ativos 2
2024-12-13 11:02:11,848 - INFO - Monitoramento: CPU 17.5% | Mem贸ria 73.9% | Clientes ativos 2
2024-12-13 11:02:16,877 - INFO - Monitoramento: CPU 42.9% | Mem贸ria 75.8% | Clientes ativos 2
2024-12-13 11:02:21,881 - INFO - Monitoramento: CPU 64.1% | Mem贸ria 76.5% | Clientes ativos 2
2024-12-13 11:02:26,884 - INFO - Monitoramento: CPU 30.4% | Mem贸ria 76.5% | Clientes ativos 2
2024-12-13 11:02:31,889 - INFO - Monitoramento: CPU 30.1% | Mem贸ria 77.3% | Clientes ativos 2
2024-12-13 11:02:36,893 - INFO - Monitoramento: CPU 41.4% | Mem贸ria 77.5% | Clientes ativos 2
2024-12-13 11:02:41,896 - INFO - Monitoramento: CPU 7.1% | Mem贸ria 77.4% | Clientes ativos 2
2024-12-13 11:02:46,901 - INFO - Monitoramento: CPU 14.7% | Mem贸ria 77.2% | Clientes ativos 2
2024-12-13 11:02:51,905 - INFO - Monitoramento: CPU 16.7% | Mem贸ria 77.0% | Clientes ativos 2
2024-12-13 11:02:56,910 - INFO - Monitoramento: CPU 26.3% | Mem贸ria 77.3% | Clientes ativos 2
2024-12-13 11:03:01,916 - INFO - Monitoramento: CPU 48.1% | Mem贸ria 77.2% | Clientes ativos 2
2024-12-13 11:03:06,921 - INFO - Monitoramento: CPU 40.6% | Mem贸ria 77.5% | Clientes ativos 2
2024-12-13 11:03:11,928 - INFO - Monitoramento: CPU 12.3% | Mem贸ria 77.5% | Clientes ativos 2
2024-12-13 11:03:16,934 - INFO - Monitoramento: CPU 10.2% | Mem贸ria 77.3% | Clientes ativos 2
2024-12-13 11:03:21,940 - INFO - Monitoramento: CPU 13.1% | Mem贸ria 77.3% | Clientes ativos 2
2024-12-13 11:03:26,943 - INFO - Monitoramento: CPU 19.5% | Mem贸ria 77.3% | Clientes ativos 2
2024-12-13 11:03:31,947 - INFO - Monitoramento: CPU 15.1% | Mem贸ria 77.2% | Clientes ativos 2
2024-12-13 11:03:36,953 - INFO - Monitoramento: CPU 21.6% | Mem贸ria 77.3% | Clientes ativos 2
2024-12-13 11:03:41,957 - INFO - Monitoramento: CPU 8.6% | Mem贸ria 77.3% | Clientes ativos 2
2024-12-13 11:03:46,964 - INFO - Monitoramento: CPU 7.6% | Mem贸ria 77.3% | Clientes ativos 2
2024-12-13 11:03:51,972 - INFO - Monitoramento: CPU 14.7% | Mem贸ria 77.5% | Clientes ativos 2
2024-12-13 11:03:56,978 - INFO - Monitoramento: CPU 6.8% | Mem贸ria 77.3% | Clientes ativos 2
2024-12-13 11:04:01,988 - INFO - Monitoramento: CPU 8.7% | Mem贸ria 77.3% | Clientes ativos 2
2024-12-13 11:04:06,992 - INFO - Monitoramento: CPU 7.1% | Mem贸ria 77.3% | Clientes ativos 2
2024-12-13 11:04:11,996 - INFO - Monitoramento: CPU 20.9% | Mem贸ria 77.2% | Clientes ativos 2
2024-12-13 11:04:17,005 - INFO - Monitoramento: CPU 9.3% | Mem贸ria 77.3% | Clientes ativos 2
2024-12-13 11:04:22,013 - INFO - Monitoramento: CPU 8.3% | Mem贸ria 77.2% | Clientes ativos 2
2024-12-13 11:04:27,021 - INFO - Monitoramento: CPU 4.7% | Mem贸ria 77.3% | Clientes ativos 2
2024-12-13 11:04:32,028 - INFO - Monitoramento: CPU 3.0% | Mem贸ria 77.2% | Clientes ativos 2
2024-12-13 11:04:37,036 - INFO - Monitoramento: CPU 5.3% | Mem贸ria 77.3% | Clientes ativos 2
2024-12-13 11:04:42,043 - INFO - Monitoramento: CPU 7.4% | Mem贸ria 77.3% | Clientes ativos 2
2024-12-13 11:04:47,051 - INFO - Monitoramento: CPU 7.7% | Mem贸ria 77.3% | Clientes ativos 2
2024-12-13 11:04:52,061 - INFO - Monitoramento: CPU 7.3% | Mem贸ria 77.2% | Clientes ativos 2
2024-12-13 11:04:57,066 - INFO - Monitoramento: CPU 7.4% | Mem贸ria 76.7% | Clientes ativos 2
2024-12-13 11:05:02,074 - INFO - Monitoramento: CPU 7.6% | Mem贸ria 76.7% | Clientes ativos 2
2024-12-13 11:05:07,081 - INFO - Monitoramento: CPU 5.1% | Mem贸ria 76.8% | Clientes ativos 2
2024-12-13 11:05:12,084 - INFO - Monitoramento: CPU 17.4% | Mem贸ria 77.0% | Clientes ativos 2
2024-12-13 11:05:17,087 - INFO - Monitoramento: CPU 17.7% | Mem贸ria 77.1% | Clientes ativos 2
2024-12-13 11:05:22,094 - INFO - Monitoramento: CPU 5.3% | Mem贸ria 77.1% | Clientes ativos 2
2024-12-13 11:05:27,098 - INFO - Monitoramento: CPU 11.1% | Mem贸ria 77.4% | Clientes ativos 2
2024-12-13 11:05:32,104 - INFO - Monitoramento: CPU 13.6% | Mem贸ria 77.9% | Clientes ativos 2
2024-12-13 11:05:37,112 - INFO - Monitoramento: CPU 15.6% | Mem贸ria 78.2% | Clientes ativos 2
2024-12-13 11:05:42,120 - INFO - Monitoramento: CPU 6.1% | Mem贸ria 78.1% | Clientes ativos 2
2024-12-13 11:05:47,128 - INFO - Monitoramento: CPU 11.8% | Mem贸ria 76.9% | Clientes ativos 2
2024-12-13 11:05:52,138 - INFO - Monitoramento: CPU 3.4% | Mem贸ria 76.8% | Clientes ativos 2
2024-12-13 11:05:57,147 - INFO - Monitoramento: CPU 3.6% | Mem贸ria 76.8% | Clientes ativos 2
2024-12-13 11:06:02,155 - INFO - Monitoramento: CPU 2.9% | Mem贸ria 76.8% | Clientes ativos 2
2024-12-13 11:06:07,163 - INFO - Monitoramento: CPU 4.3% | Mem贸ria 76.7% | Clientes ativos 2
2024-12-13 11:06:12,171 - INFO - Monitoramento: CPU 5.2% | Mem贸ria 76.7% | Clientes ativos 2
2024-12-13 11:06:17,178 - INFO - Monitoramento: CPU 3.6% | Mem贸ria 76.6% | Clientes ativos 2
2024-12-13 11:06:22,185 - INFO - Monitoramento: CPU 5.1% | Mem贸ria 76.6% | Clientes ativos 2
2024-12-13 11:06:27,193 - INFO - Monitoramento: CPU 4.1% | Mem贸ria 76.5% | Clientes ativos 2
2024-12-13 11:06:32,201 - INFO - Monitoramento: CPU 4.0% | Mem贸ria 76.5% | Clientes ativos 2
2024-12-13 11:06:37,208 - INFO - Monitoramento: CPU 3.7% | Mem贸ria 76.5% | Clientes ativos 2
2024-12-13 11:06:42,216 - INFO - Monitoramento: CPU 3.9% | Mem贸ria 76.5% | Clientes ativos 2
2024-12-13 11:06:47,219 - INFO - Monitoramento: CPU 3.3% | Mem贸ria 76.5% | Clientes ativos 2
2024-12-13 11:06:52,227 - INFO - Monitoramento: CPU 4.1% | Mem贸ria 76.5% | Clientes ativos 2
2024-12-13 11:06:57,234 - INFO - Monitoramento: CPU 3.7% | Mem贸ria 76.5% | Clientes ativos 2
2024-12-13 11:07:02,239 - INFO - Monitoramento: CPU 14.0% | Mem贸ria 76.5% | Clientes ativos 2
2024-12-13 11:07:07,245 - INFO - Monitoramento: CPU 15.8% | Mem贸ria 76.5% | Clientes ativos 2
2024-12-13 11:07:12,253 - INFO - Monitoramento: CPU 6.8% | Mem贸ria 76.4% | Clientes ativos 2
2024-12-13 11:07:17,264 - INFO - Monitoramento: CPU 14.2% | Mem贸ria 76.5% | Clientes ativos 2
2024-12-13 11:07:22,268 - INFO - Monitoramento: CPU 51.2% | Mem贸ria 78.0% | Clientes ativos 2
2024-12-13 11:07:27,272 - INFO - Monitoramento: CPU 35.8% | Mem贸ria 77.5% | Clientes ativos 2
2024-12-13 11:07:32,282 - INFO - Monitoramento: CPU 25.8% | Mem贸ria 77.5% | Clientes ativos 2
2024-12-13 11:07:37,288 - INFO - Monitoramento: CPU 17.6% | Mem贸ria 77.8% | Clientes ativos 2
2024-12-13 11:07:42,297 - INFO - Monitoramento: CPU 23.3% | Mem贸ria 77.5% | Clientes ativos 2
2024-12-13 11:07:47,303 - INFO - Monitoramento: CPU 61.7% | Mem贸ria 77.6% | Clientes ativos 2
2024-12-13 11:07:52,311 - INFO - Monitoramento: CPU 18.7% | Mem贸ria 77.4% | Clientes ativos 2
2024-12-13 11:07:57,317 - INFO - Monitoramento: CPU 7.9% | Mem贸ria 77.3% | Clientes ativos 2
2024-12-13 11:08:02,321 - INFO - Monitoramento: CPU 22.7% | Mem贸ria 77.4% | Clientes ativos 2
2024-12-13 11:08:07,325 - INFO - Monitoramento: CPU 28.5% | Mem贸ria 77.4% | Clientes ativos 2
2024-12-13 11:08:12,334 - INFO - Monitoramento: CPU 64.1% | Mem贸ria 77.6% | Clientes ativos 2
2024-12-13 11:08:17,340 - INFO - Monitoramento: CPU 35.6% | Mem贸ria 77.6% | Clientes ativos 2
2024-12-13 11:08:22,344 - INFO - Monitoramento: CPU 29.7% | Mem贸ria 77.6% | Clientes ativos 2
2024-12-13 11:08:27,348 - INFO - Monitoramento: CPU 28.2% | Mem贸ria 77.6% | Clientes ativos 2
2024-12-13 11:08:32,353 - INFO - Monitoramento: CPU 33.5% | Mem贸ria 77.6% | Clientes ativos 2
2024-12-13 11:08:37,357 - INFO - Monitoramento: CPU 35.7% | Mem贸ria 76.5% | Clientes ativos 2
2024-12-13 11:08:42,360 - INFO - Monitoramento: CPU 31.4% | Mem贸ria 76.1% | Clientes ativos 2
2024-12-13 11:08:47,364 - INFO - Monitoramento: CPU 55.0% | Mem贸ria 76.7% | Clientes ativos 2
2024-12-13 11:08:52,368 - INFO - Monitoramento: CPU 57.0% | Mem贸ria 77.2% | Clientes ativos 2
2024-12-13 11:08:57,373 - INFO - Monitoramento: CPU 56.3% | Mem贸ria 77.4% | Clientes ativos 2
2024-12-13 11:09:02,377 - INFO - Monitoramento: CPU 56.1% | Mem贸ria 77.7% | Clientes ativos 2
2024-12-13 11:09:07,381 - INFO - Monitoramento: CPU 56.3% | Mem贸ria 78.2% | Clientes ativos 2
2024-12-13 11:09:12,384 - INFO - Monitoramento: CPU 43.3% | Mem贸ria 78.3% | Clientes ativos 2
2024-12-13 11:09:17,388 - INFO - Monitoramento: CPU 44.7% | Mem贸ria 77.8% | Clientes ativos 2
2024-12-13 11:09:22,392 - INFO - Monitoramento: CPU 51.6% | Mem贸ria 77.5% | Clientes ativos 2
2024-12-13 11:09:27,397 - INFO - Monitoramento: CPU 61.6% | Mem贸ria 77.4% | Clientes ativos 2
2024-12-13 11:09:32,401 - INFO - Monitoramento: CPU 35.6% | Mem贸ria 77.2% | Clientes ativos 2
2024-12-13 11:09:37,404 - INFO - Monitoramento: CPU 41.7% | Mem贸ria 79.5% | Clientes ativos 2
2024-12-13 11:09:42,408 - INFO - Monitoramento: CPU 21.9% | Mem贸ria 79.3% | Clientes ativos 2
2024-12-13 11:09:47,416 - INFO - Monitoramento: CPU 32.5% | Mem贸ria 79.2% | Clientes ativos 2
2024-12-13 11:09:52,422 - INFO - Monitoramento: CPU 47.1% | Mem贸ria 79.2% | Clientes ativos 2
2024-12-13 11:09:57,427 - INFO - Monitoramento: CPU 62.3% | Mem贸ria 76.0% | Clientes ativos 2
2024-12-13 11:10:02,431 - INFO - Monitoramento: CPU 59.3% | Mem贸ria 76.5% | Clientes ativos 2
2024-12-13 11:10:07,435 - INFO - Monitoramento: CPU 35.1% | Mem贸ria 76.5% | Clientes ativos 2
2024-12-13 11:10:12,439 - INFO - Monitoramento: CPU 46.0% | Mem贸ria 76.4% | Clientes ativos 2
2024-12-13 11:10:17,444 - INFO - Monitoramento: CPU 46.4% | Mem贸ria 76.4% | Clientes ativos 2
2024-12-13 11:10:22,449 - INFO - Monitoramento: CPU 29.0% | Mem贸ria 76.7% | Clientes ativos 2
2024-12-13 11:10:27,453 - INFO - Monitoramento: CPU 26.8% | Mem贸ria 76.2% | Clientes ativos 2
2024-12-13 11:10:32,457 - INFO - Monitoramento: CPU 41.6% | Mem贸ria 76.4% | Clientes ativos 2
2024-12-13 11:10:37,461 - INFO - Monitoramento: CPU 40.0% | Mem贸ria 76.5% | Clientes ativos 2
2024-12-13 11:10:42,466 - INFO - Monitoramento: CPU 36.4% | Mem贸ria 76.5% | Clientes ativos 2
2024-12-13 11:10:47,471 - INFO - Monitoramento: CPU 32.4% | Mem贸ria 76.6% | Clientes ativos 2
2024-12-13 11:10:52,474 - INFO - Monitoramento: CPU 42.9% | Mem贸ria 76.5% | Clientes ativos 2
2024-12-13 11:10:57,478 - INFO - Monitoramento: CPU 35.8% | Mem贸ria 76.5% | Clientes ativos 2
2024-12-13 11:11:02,482 - INFO - Monitoramento: CPU 42.4% | Mem贸ria 76.5% | Clientes ativos 2
2024-12-13 11:11:07,486 - INFO - Monitoramento: CPU 35.8% | Mem贸ria 76.5% | Clientes ativos 2
2024-12-13 11:11:12,489 - INFO - Monitoramento: CPU 46.2% | Mem贸ria 77.1% | Clientes ativos 2
2024-12-13 11:11:17,493 - INFO - Monitoramento: CPU 40.1% | Mem贸ria 77.0% | Clientes ativos 2
2024-12-13 11:11:22,499 - INFO - Monitoramento: CPU 36.0% | Mem贸ria 74.2% | Clientes ativos 2
2024-12-13 11:11:27,503 - INFO - Monitoramento: CPU 44.4% | Mem贸ria 75.2% | Clientes ativos 2
2024-12-13 11:11:32,507 - INFO - Monitoramento: CPU 41.8% | Mem贸ria 75.8% | Clientes ativos 2
2024-12-13 11:11:37,510 - INFO - Monitoramento: CPU 47.2% | Mem贸ria 76.5% | Clientes ativos 2
2024-12-13 11:11:42,514 - INFO - Monitoramento: CPU 23.9% | Mem贸ria 75.9% | Clientes ativos 2
2024-12-13 11:11:47,518 - INFO - Monitoramento: CPU 24.3% | Mem贸ria 75.6% | Clientes ativos 2
2024-12-13 11:11:52,527 - INFO - Monitoramento: CPU 24.4% | Mem贸ria 75.8% | Clientes ativos 2
2024-12-13 11:11:57,532 - INFO - Monitoramento: CPU 26.9% | Mem贸ria 76.3% | Clientes ativos 2
2024-12-13 11:12:02,536 - INFO - Monitoramento: CPU 25.3% | Mem贸ria 75.9% | Clientes ativos 2
2024-12-13 11:12:07,544 - INFO - Monitoramento: CPU 27.4% | Mem贸ria 75.9% | Clientes ativos 2
2024-12-13 11:12:12,549 - INFO - Monitoramento: CPU 30.3% | Mem贸ria 75.3% | Clientes ativos 2
2024-12-13 11:12:17,554 - INFO - Monitoramento: CPU 31.3% | Mem贸ria 75.1% | Clientes ativos 2
2024-12-13 11:12:22,559 - INFO - Monitoramento: CPU 25.3% | Mem贸ria 75.0% | Clientes ativos 2
2024-12-13 11:12:27,567 - INFO - Monitoramento: CPU 30.5% | Mem贸ria 74.6% | Clientes ativos 2
2024-12-13 11:12:32,577 - INFO - Monitoramento: CPU 31.6% | Mem贸ria 77.0% | Clientes ativos 2
2024-12-13 11:12:37,584 - INFO - Monitoramento: CPU 21.2% | Mem贸ria 74.8% | Clientes ativos 2
2024-12-13 11:12:42,587 - INFO - Monitoramento: CPU 18.3% | Mem贸ria 74.8% | Clientes ativos 2
2024-12-13 11:12:47,590 - INFO - Monitoramento: CPU 13.2% | Mem贸ria 74.6% | Clientes ativos 2
2024-12-13 11:12:52,594 - INFO - Monitoramento: CPU 18.3% | Mem贸ria 74.5% | Clientes ativos 2
2024-12-13 11:12:57,601 - INFO - Monitoramento: CPU 26.3% | Mem贸ria 74.8% | Clientes ativos 2
2024-12-13 11:13:02,605 - INFO - Monitoramento: CPU 21.4% | Mem贸ria 76.0% | Clientes ativos 2
2024-12-13 11:13:07,611 - INFO - Monitoramento: CPU 13.1% | Mem贸ria 73.9% | Clientes ativos 2
2024-12-13 11:13:12,620 - INFO - Monitoramento: CPU 15.1% | Mem贸ria 73.9% | Clientes ativos 2
2024-12-13 11:13:17,629 - INFO - Monitoramento: CPU 16.5% | Mem贸ria 73.9% | Clientes ativos 2
2024-12-13 11:13:22,634 - INFO - Monitoramento: CPU 24.8% | Mem贸ria 73.8% | Clientes ativos 2
2024-12-13 11:13:27,641 - INFO - Monitoramento: CPU 12.0% | Mem贸ria 73.1% | Clientes ativos 2
2024-12-13 11:13:32,647 - INFO - Monitoramento: CPU 9.5% | Mem贸ria 73.1% | Clientes ativos 2
2024-12-13 11:13:37,655 - INFO - Monitoramento: CPU 21.5% | Mem贸ria 71.2% | Clientes ativos 2
2024-12-13 11:13:42,661 - INFO - Monitoramento: CPU 6.4% | Mem贸ria 71.2% | Clientes ativos 2
2024-12-13 11:13:47,669 - INFO - Monitoramento: CPU 16.4% | Mem贸ria 71.7% | Clientes ativos 2
2024-12-13 11:13:52,679 - INFO - Monitoramento: CPU 5.3% | Mem贸ria 71.7% | Clientes ativos 2
2024-12-13 11:13:57,690 - INFO - Monitoramento: CPU 15.7% | Mem贸ria 71.7% | Clientes ativos 2
2024-12-13 11:14:02,699 - INFO - Monitoramento: CPU 40.6% | Mem贸ria 71.4% | Clientes ativos 2
2024-12-13 11:14:07,705 - INFO - Monitoramento: CPU 27.0% | Mem贸ria 70.8% | Clientes ativos 2
2024-12-13 11:14:12,711 - INFO - Monitoramento: CPU 35.7% | Mem贸ria 71.1% | Clientes ativos 2
2024-12-13 11:14:17,714 - INFO - Monitoramento: CPU 67.6% | Mem贸ria 71.0% | Clientes ativos 2
2024-12-13 11:14:22,719 - INFO - Monitoramento: CPU 51.2% | Mem贸ria 71.2% | Clientes ativos 2
2024-12-13 11:14:27,722 - INFO - Monitoramento: CPU 42.3% | Mem贸ria 72.3% | Clientes ativos 2
2024-12-13 11:14:32,725 - INFO - Monitoramento: CPU 36.1% | Mem贸ria 73.2% | Clientes ativos 2
2024-12-13 11:14:37,729 - INFO - Monitoramento: CPU 28.0% | Mem贸ria 73.2% | Clientes ativos 2
2024-12-13 11:14:42,732 - INFO - Monitoramento: CPU 22.7% | Mem贸ria 71.0% | Clientes ativos 2
2024-12-13 11:14:47,738 - INFO - Monitoramento: CPU 28.0% | Mem贸ria 70.9% | Clientes ativos 2
2024-12-13 11:14:52,747 - INFO - Monitoramento: CPU 11.4% | Mem贸ria 71.1% | Clientes ativos 2
2024-12-13 11:14:57,756 - INFO - Monitoramento: CPU 40.7% | Mem贸ria 73.9% | Clientes ativos 2
2024-12-13 11:15:02,763 - INFO - Monitoramento: CPU 40.5% | Mem贸ria 74.3% | Clientes ativos 2
2024-12-13 11:15:07,771 - INFO - Monitoramento: CPU 29.3% | Mem贸ria 74.3% | Clientes ativos 2
2024-12-13 11:15:12,777 - INFO - Monitoramento: CPU 14.5% | Mem贸ria 74.4% | Clientes ativos 2
2024-12-13 11:15:17,780 - INFO - Monitoramento: CPU 24.7% | Mem贸ria 74.3% | Clientes ativos 2
2024-12-13 11:15:22,784 - INFO - Monitoramento: CPU 28.4% | Mem贸ria 74.4% | Clientes ativos 2
2024-12-13 11:15:27,789 - INFO - Monitoramento: CPU 29.4% | Mem贸ria 74.4% | Clientes ativos 2
2024-12-13 11:15:32,793 - INFO - Monitoramento: CPU 37.8% | Mem贸ria 72.3% | Clientes ativos 2
2024-12-13 11:15:37,796 - INFO - Monitoramento: CPU 8.4% | Mem贸ria 72.2% | Clientes ativos 2
2024-12-13 11:15:42,805 - INFO - Monitoramento: CPU 22.9% | Mem贸ria 72.0% | Clientes ativos 2
2024-12-13 11:15:47,810 - INFO - Monitoramento: CPU 38.1% | Mem贸ria 74.4% | Clientes ativos 2
2024-12-13 11:15:52,820 - INFO - Monitoramento: CPU 19.6% | Mem贸ria 74.2% | Clientes ativos 2
2024-12-13 11:15:57,824 - INFO - Monitoramento: CPU 14.3% | Mem贸ria 74.3% | Clientes ativos 2
2024-12-13 11:16:02,832 - INFO - Monitoramento: CPU 20.2% | Mem贸ria 74.2% | Clientes ativos 2
2024-12-13 11:16:07,838 - INFO - Monitoramento: CPU 10.3% | Mem贸ria 74.1% | Clientes ativos 2
2024-12-13 11:16:12,842 - INFO - Monitoramento: CPU 8.8% | Mem贸ria 74.1% | Clientes ativos 2
2024-12-13 11:16:17,845 - INFO - Monitoramento: CPU 12.2% | Mem贸ria 74.1% | Clientes ativos 2
2024-12-13 11:16:22,853 - INFO - Monitoramento: CPU 24.0% | Mem贸ria 72.1% | Clientes ativos 2
2024-12-13 11:16:27,862 - INFO - Monitoramento: CPU 11.3% | Mem贸ria 72.1% | Clientes ativos 2
2024-12-13 11:16:32,867 - INFO - Monitoramento: CPU 16.3% | Mem贸ria 72.2% | Clientes ativos 2
2024-12-13 11:16:37,875 - INFO - Monitoramento: CPU 7.6% | Mem贸ria 71.7% | Clientes ativos 2
2024-12-13 11:16:42,884 - INFO - Monitoramento: CPU 5.6% | Mem贸ria 71.7% | Clientes ativos 2
2024-12-13 11:16:47,891 - INFO - Monitoramento: CPU 5.3% | Mem贸ria 71.7% | Clientes ativos 2
2024-12-13 11:16:52,896 - INFO - Monitoramento: CPU 7.2% | Mem贸ria 71.7% | Clientes ativos 2
2024-12-13 11:16:57,904 - INFO - Monitoramento: CPU 5.1% | Mem贸ria 71.7% | Clientes ativos 2
2024-12-13 11:17:02,909 - INFO - Monitoramento: CPU 5.9% | Mem贸ria 71.7% | Clientes ativos 2
2024-12-13 11:17:07,919 - INFO - Monitoramento: CPU 16.6% | Mem贸ria 71.8% | Clientes ativos 2
2024-12-13 11:17:12,925 - INFO - Monitoramento: CPU 13.5% | Mem贸ria 71.8% | Clientes ativos 2
2024-12-13 11:17:17,937 - INFO - Monitoramento: CPU 18.1% | Mem贸ria 72.0% | Clientes ativos 2
2024-12-13 11:17:22,942 - INFO - Monitoramento: CPU 22.3% | Mem贸ria 72.8% | Clientes ativos 2
2024-12-13 11:17:27,952 - INFO - Monitoramento: CPU 19.3% | Mem贸ria 73.8% | Clientes ativos 2
2024-12-13 11:17:32,958 - INFO - Monitoramento: CPU 11.4% | Mem贸ria 73.8% | Clientes ativos 2
2024-12-13 11:17:37,962 - INFO - Monitoramento: CPU 27.2% | Mem贸ria 74.1% | Clientes ativos 2
2024-12-13 11:17:42,968 - INFO - Monitoramento: CPU 25.1% | Mem贸ria 71.6% | Clientes ativos 2
2024-12-13 11:17:47,972 - INFO - Monitoramento: CPU 11.6% | Mem贸ria 71.6% | Clientes ativos 2
2024-12-13 11:17:52,976 - INFO - Monitoramento: CPU 19.7% | Mem贸ria 72.2% | Clientes ativos 2
2024-12-13 11:17:57,979 - INFO - Monitoramento: CPU 16.3% | Mem贸ria 72.2% | Clientes ativos 2
2024-12-13 11:18:02,983 - INFO - Monitoramento: CPU 16.0% | Mem贸ria 72.2% | Clientes ativos 2
2024-12-13 11:18:07,991 - INFO - Monitoramento: CPU 10.2% | Mem贸ria 72.2% | Clientes ativos 2
2024-12-13 11:18:12,997 - INFO - Monitoramento: CPU 4.8% | Mem贸ria 72.1% | Clientes ativos 2
2024-12-13 11:18:18,005 - INFO - Monitoramento: CPU 14.6% | Mem贸ria 71.7% | Clientes ativos 2
2024-12-13 11:18:23,010 - INFO - Monitoramento: CPU 18.0% | Mem贸ria 71.7% | Clientes ativos 2
2024-12-13 11:18:28,018 - INFO - Monitoramento: CPU 18.4% | Mem贸ria 71.5% | Clientes ativos 2
2024-12-13 11:18:33,028 - INFO - Monitoramento: CPU 15.6% | Mem贸ria 71.4% | Clientes ativos 2
2024-12-13 11:18:38,033 - INFO - Monitoramento: CPU 23.4% | Mem贸ria 69.4% | Clientes ativos 2
2024-12-13 11:18:43,040 - INFO - Monitoramento: CPU 16.2% | Mem贸ria 69.6% | Clientes ativos 2
2024-12-13 11:18:48,049 - INFO - Monitoramento: CPU 15.5% | Mem贸ria 69.3% | Clientes ativos 2
2024-12-13 11:18:53,053 - INFO - Monitoramento: CPU 10.8% | Mem贸ria 69.2% | Clientes ativos 2
2024-12-13 11:18:58,062 - INFO - Monitoramento: CPU 9.5% | Mem贸ria 69.2% | Clientes ativos 2
2024-12-13 11:19:03,067 - INFO - Monitoramento: CPU 12.4% | Mem贸ria 69.5% | Clientes ativos 2
2024-12-13 11:19:08,076 - INFO - Monitoramento: CPU 29.4% | Mem贸ria 70.5% | Clientes ativos 2
2024-12-13 11:19:13,080 - INFO - Monitoramento: CPU 19.4% | Mem贸ria 71.6% | Clientes ativos 2
2024-12-13 11:19:18,084 - INFO - Monitoramento: CPU 22.5% | Mem贸ria 71.6% | Clientes ativos 2
2024-12-13 11:19:23,091 - INFO - Monitoramento: CPU 23.4% | Mem贸ria 71.9% | Clientes ativos 2
2024-12-13 11:19:28,099 - INFO - Monitoramento: CPU 24.2% | Mem贸ria 69.2% | Clientes ativos 2
2024-12-13 11:19:33,110 - INFO - Monitoramento: CPU 23.0% | Mem贸ria 69.6% | Clientes ativos 2
2024-12-13 11:19:38,116 - INFO - Monitoramento: CPU 24.5% | Mem贸ria 69.5% | Clientes ativos 2
2024-12-13 11:19:43,121 - INFO - Monitoramento: CPU 20.8% | Mem贸ria 71.5% | Clientes ativos 2
2024-12-13 11:19:48,127 - INFO - Monitoramento: CPU 26.4% | Mem贸ria 71.7% | Clientes ativos 2
2024-12-13 11:19:53,131 - INFO - Monitoramento: CPU 17.8% | Mem贸ria 71.7% | Clientes ativos 2
2024-12-13 11:19:58,137 - INFO - Monitoramento: CPU 19.9% | Mem贸ria 69.7% | Clientes ativos 2
2024-12-13 11:20:03,145 - INFO - Monitoramento: CPU 16.9% | Mem贸ria 69.2% | Clientes ativos 2
2024-12-13 11:20:08,153 - INFO - Monitoramento: CPU 30.9% | Mem贸ria 70.1% | Clientes ativos 2
2024-12-13 11:20:13,158 - INFO - Monitoramento: CPU 24.6% | Mem贸ria 70.2% | Clientes ativos 2
2024-12-13 11:20:18,165 - INFO - Monitoramento: CPU 12.4% | Mem贸ria 69.9% | Clientes ativos 2
2024-12-13 11:20:23,172 - INFO - Monitoramento: CPU 17.3% | Mem贸ria 69.7% | Clientes ativos 2
2024-12-13 11:20:28,181 - INFO - Monitoramento: CPU 18.5% | Mem贸ria 70.0% | Clientes ativos 2
2024-12-13 11:20:33,187 - INFO - Monitoramento: CPU 13.6% | Mem贸ria 69.9% | Clientes ativos 2
2024-12-13 11:20:38,192 - INFO - Monitoramento: CPU 24.4% | Mem贸ria 71.6% | Clientes ativos 2
2024-12-13 11:20:43,196 - INFO - Monitoramento: CPU 18.3% | Mem贸ria 71.7% | Clientes ativos 2
2024-12-13 11:20:48,203 - INFO - Monitoramento: CPU 23.2% | Mem贸ria 71.9% | Clientes ativos 2
2024-12-13 11:20:53,211 - INFO - Monitoramento: CPU 3.8% | Mem贸ria 71.8% | Clientes ativos 2
2024-12-13 11:20:58,222 - INFO - Monitoramento: CPU 5.2% | Mem贸ria 71.8% | Clientes ativos 2
2024-12-13 11:21:03,231 - INFO - Monitoramento: CPU 7.8% | Mem贸ria 69.4% | Clientes ativos 2
2024-12-13 11:21:08,238 - INFO - Monitoramento: CPU 15.3% | Mem贸ria 69.3% | Clientes ativos 2
2024-12-13 11:21:13,294 - INFO - Monitoramento: CPU 26.9% | Mem贸ria 70.1% | Clientes ativos 2
2024-12-13 11:21:18,302 - INFO - Monitoramento: CPU 32.8% | Mem贸ria 69.9% | Clientes ativos 2
2024-12-13 11:21:23,311 - INFO - Monitoramento: CPU 13.3% | Mem贸ria 69.8% | Clientes ativos 2
2024-12-13 11:21:28,317 - INFO - Monitoramento: CPU 13.6% | Mem贸ria 69.8% | Clientes ativos 2
2024-12-13 11:21:33,321 - INFO - Monitoramento: CPU 10.2% | Mem贸ria 69.8% | Clientes ativos 2
2024-12-13 11:21:38,325 - INFO - Monitoramento: CPU 8.0% | Mem贸ria 69.7% | Clientes ativos 2
2024-12-13 11:21:43,329 - INFO - Monitoramento: CPU 8.8% | Mem贸ria 69.3% | Clientes ativos 2
2024-12-13 11:21:48,333 - INFO - Monitoramento: CPU 25.6% | Mem贸ria 70.1% | Clientes ativos 2
2024-12-13 11:21:53,348 - INFO - Monitoramento: CPU 27.6% | Mem贸ria 69.8% | Clientes ativos 2
2024-12-13 11:21:58,351 - INFO - Monitoramento: CPU 33.7% | Mem贸ria 70.0% | Clientes ativos 2
2024-12-13 11:22:03,359 - INFO - Monitoramento: CPU 33.2% | Mem贸ria 70.1% | Clientes ativos 2
2024-12-13 11:22:08,364 - INFO - Monitoramento: CPU 17.9% | Mem贸ria 69.9% | Clientes ativos 2
2024-12-13 11:22:13,370 - INFO - Monitoramento: CPU 24.3% | Mem贸ria 69.5% | Clientes ativos 2
2024-12-13 11:22:18,375 - INFO - Monitoramento: CPU 31.2% | Mem贸ria 70.1% | Clientes ativos 2
2024-12-13 11:22:23,378 - INFO - Monitoramento: CPU 18.9% | Mem贸ria 70.0% | Clientes ativos 2
2024-12-13 11:22:28,386 - INFO - Monitoramento: CPU 16.0% | Mem贸ria 70.0% | Clientes ativos 2
2024-12-13 11:22:33,394 - INFO - Monitoramento: CPU 21.0% | Mem贸ria 70.7% | Clientes ativos 2
2024-12-13 11:22:38,400 - INFO - Monitoramento: CPU 23.9% | Mem贸ria 72.0% | Clientes ativos 2
2024-12-13 11:22:43,407 - INFO - Monitoramento: CPU 19.0% | Mem贸ria 72.1% | Clientes ativos 2
2024-12-13 11:22:48,413 - INFO - Monitoramento: CPU 6.6% | Mem贸ria 72.2% | Clientes ativos 2
2024-12-13 11:22:53,420 - INFO - Monitoramento: CPU 2.7% | Mem贸ria 72.2% | Clientes ativos 2
2024-12-13 11:22:58,429 - INFO - Monitoramento: CPU 5.7% | Mem贸ria 69.7% | Clientes ativos 2
2024-12-13 11:23:03,433 - INFO - Monitoramento: CPU 4.4% | Mem贸ria 69.7% | Clientes ativos 2
2024-12-13 11:23:08,438 - INFO - Monitoramento: CPU 3.3% | Mem贸ria 69.7% | Clientes ativos 2
2024-12-13 11:23:13,444 - INFO - Monitoramento: CPU 4.2% | Mem贸ria 69.7% | Clientes ativos 2
2024-12-13 11:23:18,451 - INFO - Monitoramento: CPU 4.0% | Mem贸ria 69.7% | Clientes ativos 2
2024-12-13 11:23:23,458 - INFO - Monitoramento: CPU 3.2% | Mem贸ria 69.7% | Clientes ativos 2
2024-12-13 11:23:28,466 - INFO - Monitoramento: CPU 3.9% | Mem贸ria 69.7% | Clientes ativos 2
2024-12-13 11:23:33,475 - INFO - Monitoramento: CPU 3.1% | Mem贸ria 69.7% | Clientes ativos 2
2024-12-13 11:23:38,482 - INFO - Monitoramento: CPU 11.7% | Mem贸ria 67.2% | Clientes ativos 2
2024-12-13 11:23:43,489 - INFO - Monitoramento: CPU 5.5% | Mem贸ria 67.2% | Clientes ativos 2
2024-12-13 11:23:48,492 - INFO - Monitoramento: CPU 4.4% | Mem贸ria 67.2% | Clientes ativos 2
2024-12-13 11:23:53,500 - INFO - Monitoramento: CPU 11.0% | Mem贸ria 67.7% | Clientes ativos 2
2024-12-13 11:23:58,505 - INFO - Monitoramento: CPU 7.1% | Mem贸ria 67.6% | Clientes ativos 2
2024-12-13 11:24:03,514 - INFO - Monitoramento: CPU 3.2% | Mem贸ria 67.6% | Clientes ativos 2
2024-12-13 11:24:08,522 - INFO - Monitoramento: CPU 5.5% | Mem贸ria 67.6% | Clientes ativos 2
2024-12-13 11:24:13,529 - INFO - Monitoramento: CPU 3.4% | Mem贸ria 67.6% | Clientes ativos 2
2024-12-13 11:24:18,537 - INFO - Monitoramento: CPU 4.4% | Mem贸ria 67.6% | Clientes ativos 2
2024-12-13 11:24:23,543 - INFO - Monitoramento: CPU 3.0% | Mem贸ria 67.6% | Clientes ativos 2
2024-12-13 11:24:28,551 - INFO - Monitoramento: CPU 2.6% | Mem贸ria 67.6% | Clientes ativos 2
2024-12-13 11:24:33,560 - INFO - Monitoramento: CPU 5.3% | Mem贸ria 67.6% | Clientes ativos 2
2024-12-13 11:24:38,567 - INFO - Monitoramento: CPU 3.3% | Mem贸ria 67.6% | Clientes ativos 2
2024-12-13 11:24:43,574 - INFO - Monitoramento: CPU 6.3% | Mem贸ria 67.6% | Clientes ativos 2
2024-12-13 11:24:48,582 - INFO - Monitoramento: CPU 4.5% | Mem贸ria 67.5% | Clientes ativos 2
2024-12-13 11:24:53,590 - INFO - Monitoramento: CPU 3.8% | Mem贸ria 67.5% | Clientes ativos 2
2024-12-13 11:24:58,594 - INFO - Monitoramento: CPU 2.7% | Mem贸ria 67.5% | Clientes ativos 2
2024-12-13 11:25:03,600 - INFO - Monitoramento: CPU 3.7% | Mem贸ria 67.5% | Clientes ativos 2
2024-12-13 11:25:08,608 - INFO - Monitoramento: CPU 6.9% | Mem贸ria 67.5% | Clientes ativos 2
2024-12-13 11:25:13,617 - INFO - Monitoramento: CPU 7.0% | Mem贸ria 67.7% | Clientes ativos 2
2024-12-13 11:25:18,622 - INFO - Monitoramento: CPU 3.6% | Mem贸ria 67.8% | Clientes ativos 2
2024-12-13 11:25:23,626 - INFO - Monitoramento: CPU 2.1% | Mem贸ria 67.8% | Clientes ativos 2
2024-12-13 11:25:28,629 - INFO - Monitoramento: CPU 3.8% | Mem贸ria 67.7% | Clientes ativos 2
2024-12-13 11:25:33,635 - INFO - Monitoramento: CPU 1.3% | Mem贸ria 67.7% | Clientes ativos 2
2024-12-13 11:25:38,642 - INFO - Monitoramento: CPU 5.7% | Mem贸ria 67.7% | Clientes ativos 2
2024-12-13 11:25:43,649 - INFO - Monitoramento: CPU 4.0% | Mem贸ria 67.7% | Clientes ativos 2
2024-12-13 11:25:48,658 - INFO - Monitoramento: CPU 3.5% | Mem贸ria 67.7% | Clientes ativos 2
2024-12-13 11:25:53,666 - INFO - Monitoramento: CPU 4.2% | Mem贸ria 67.7% | Clientes ativos 2
2024-12-13 11:25:58,674 - INFO - Monitoramento: CPU 3.4% | Mem贸ria 67.7% | Clientes ativos 2
2024-12-13 11:26:03,682 - INFO - Monitoramento: CPU 2.9% | Mem贸ria 67.7% | Clientes ativos 2
2024-12-13 11:26:08,690 - INFO - Monitoramento: CPU 3.2% | Mem贸ria 67.7% | Clientes ativos 2
2024-12-13 11:26:13,694 - INFO - Monitoramento: CPU 3.7% | Mem贸ria 67.6% | Clientes ativos 2
2024-12-13 11:26:18,702 - INFO - Monitoramento: CPU 3.7% | Mem贸ria 67.6% | Clientes ativos 2
2024-12-13 11:26:23,707 - INFO - Monitoramento: CPU 4.7% | Mem贸ria 67.6% | Clientes ativos 2
2024-12-13 11:26:28,713 - INFO - Monitoramento: CPU 2.8% | Mem贸ria 67.6% | Clientes ativos 2
2024-12-13 11:26:33,719 - INFO - Monitoramento: CPU 3.0% | Mem贸ria 67.6% | Clientes ativos 2
2024-12-13 11:26:38,727 - INFO - Monitoramento: CPU 14.7% | Mem贸ria 68.1% | Clientes ativos 2
2024-12-13 11:26:43,735 - INFO - Monitoramento: CPU 19.2% | Mem贸ria 68.4% | Clientes ativos 2
2024-12-13 11:26:48,741 - INFO - Monitoramento: CPU 18.6% | Mem贸ria 68.9% | Clientes ativos 2
2024-12-13 11:26:53,748 - INFO - Monitoramento: CPU 11.4% | Mem贸ria 69.0% | Clientes ativos 2
2024-12-13 11:26:58,752 - INFO - Monitoramento: CPU 18.3% | Mem贸ria 69.3% | Clientes ativos 2
2024-12-13 11:27:03,755 - INFO - Monitoramento: CPU 9.9% | Mem贸ria 69.2% | Clientes ativos 2
2024-12-13 11:27:08,760 - INFO - Monitoramento: CPU 16.2% | Mem贸ria 69.8% | Clientes ativos 2
2024-12-13 11:27:13,764 - INFO - Monitoramento: CPU 10.4% | Mem贸ria 69.9% | Clientes ativos 2
2024-12-13 11:27:18,770 - INFO - Monitoramento: CPU 18.4% | Mem贸ria 70.7% | Clientes ativos 2
2024-12-13 11:27:23,774 - INFO - Monitoramento: CPU 16.2% | Mem贸ria 70.1% | Clientes ativos 2
2024-12-13 11:27:28,778 - INFO - Monitoramento: CPU 16.1% | Mem贸ria 69.9% | Clientes ativos 2
2024-12-13 11:27:33,782 - INFO - Monitoramento: CPU 21.3% | Mem贸ria 70.1% | Clientes ativos 2
2024-12-13 11:27:38,786 - INFO - Monitoramento: CPU 16.0% | Mem贸ria 70.1% | Clientes ativos 2
2024-12-13 11:27:43,789 - INFO - Monitoramento: CPU 28.9% | Mem贸ria 71.3% | Clientes ativos 2
2024-12-13 11:27:48,793 - INFO - Monitoramento: CPU 27.2% | Mem贸ria 70.5% | Clientes ativos 2
2024-12-13 11:27:53,797 - INFO - Monitoramento: CPU 15.2% | Mem贸ria 70.6% | Clientes ativos 2
2024-12-13 11:27:58,805 - INFO - Monitoramento: CPU 8.7% | Mem贸ria 71.3% | Clientes ativos 2
2024-12-13 11:28:03,814 - INFO - Monitoramento: CPU 13.9% | Mem贸ria 71.0% | Clientes ativos 2
2024-12-13 11:28:08,819 - INFO - Monitoramento: CPU 12.6% | Mem贸ria 70.8% | Clientes ativos 2
2024-12-13 11:28:13,825 - INFO - Monitoramento: CPU 13.9% | Mem贸ria 70.8% | Clientes ativos 2
2024-12-13 11:28:18,834 - INFO - Monitoramento: CPU 16.3% | Mem贸ria 70.5% | Clientes ativos 2
2024-12-13 11:28:23,839 - INFO - Monitoramento: CPU 15.6% | Mem贸ria 70.9% | Clientes ativos 2
2024-12-13 11:28:28,847 - INFO - Monitoramento: CPU 15.8% | Mem贸ria 70.8% | Clientes ativos 2
2024-12-13 11:28:33,850 - INFO - Monitoramento: CPU 9.8% | Mem贸ria 70.8% | Clientes ativos 2
2024-12-13 11:28:38,854 - INFO - Monitoramento: CPU 21.0% | Mem贸ria 69.3% | Clientes ativos 2
2024-12-13 11:28:43,857 - INFO - Monitoramento: CPU 15.0% | Mem贸ria 69.5% | Clientes ativos 2
2024-12-13 11:28:48,861 - INFO - Monitoramento: CPU 15.5% | Mem贸ria 69.2% | Clientes ativos 2
2024-12-13 11:28:53,864 - INFO - Monitoramento: CPU 13.5% | Mem贸ria 69.1% | Clientes ativos 2
2024-12-13 11:28:58,870 - INFO - Monitoramento: CPU 14.0% | Mem贸ria 69.2% | Clientes ativos 2
2024-12-13 11:29:03,874 - INFO - Monitoramento: CPU 19.5% | Mem贸ria 69.2% | Clientes ativos 2
2024-12-13 11:29:08,881 - INFO - Monitoramento: CPU 12.0% | Mem贸ria 69.1% | Clientes ativos 2
2024-12-13 11:29:13,886 - INFO - Monitoramento: CPU 9.9% | Mem贸ria 69.1% | Clientes ativos 2
2024-12-13 11:29:18,893 - INFO - Monitoramento: CPU 10.7% | Mem贸ria 69.1% | Clientes ativos 2
2024-12-13 11:29:23,900 - INFO - Monitoramento: CPU 13.6% | Mem贸ria 69.2% | Clientes ativos 2
2024-12-13 11:29:28,908 - INFO - Monitoramento: CPU 12.4% | Mem贸ria 68.9% | Clientes ativos 2
2024-12-13 11:29:33,915 - INFO - Monitoramento: CPU 9.1% | Mem贸ria 69.0% | Clientes ativos 2
2024-12-13 11:29:38,926 - INFO - Monitoramento: CPU 12.8% | Mem贸ria 68.9% | Clientes ativos 2
2024-12-13 11:29:43,934 - INFO - Monitoramento: CPU 14.0% | Mem贸ria 68.9% | Clientes ativos 2
2024-12-13 11:29:48,941 - INFO - Monitoramento: CPU 9.1% | Mem贸ria 68.8% | Clientes ativos 2
2024-12-13 11:29:53,944 - INFO - Monitoramento: CPU 9.0% | Mem贸ria 68.9% | Clientes ativos 2
2024-12-13 11:29:58,951 - INFO - Monitoramento: CPU 7.4% | Mem贸ria 68.9% | Clientes ativos 2
2024-12-13 11:30:03,957 - INFO - Monitoramento: CPU 16.9% | Mem贸ria 69.8% | Clientes ativos 2
2024-12-13 11:30:08,961 - INFO - Monitoramento: CPU 21.9% | Mem贸ria 69.6% | Clientes ativos 2
2024-12-13 11:30:13,966 - INFO - Monitoramento: CPU 9.2% | Mem贸ria 68.9% | Clientes ativos 2
2024-12-13 11:30:18,970 - INFO - Monitoramento: CPU 11.9% | Mem贸ria 68.9% | Clientes ativos 2
2024-12-13 11:30:23,975 - INFO - Monitoramento: CPU 14.1% | Mem贸ria 68.9% | Clientes ativos 2
2024-12-13 11:30:28,981 - INFO - Monitoramento: CPU 15.0% | Mem贸ria 69.0% | Clientes ativos 2
2024-12-13 11:30:33,988 - INFO - Monitoramento: CPU 11.9% | Mem贸ria 68.9% | Clientes ativos 2
2024-12-13 11:30:38,993 - INFO - Monitoramento: CPU 13.6% | Mem贸ria 68.9% | Clientes ativos 2
2024-12-13 11:30:43,996 - INFO - Monitoramento: CPU 15.7% | Mem贸ria 68.7% | Clientes ativos 2
2024-12-13 11:30:49,003 - INFO - Monitoramento: CPU 12.0% | Mem贸ria 69.0% | Clientes ativos 2
2024-12-13 11:30:54,011 - INFO - Monitoramento: CPU 10.4% | Mem贸ria 68.7% | Clientes ativos 2
2024-12-13 11:30:59,016 - INFO - Monitoramento: CPU 11.0% | Mem贸ria 69.0% | Clientes ativos 2
2024-12-13 11:31:04,023 - INFO - Monitoramento: CPU 11.4% | Mem贸ria 68.5% | Clientes ativos 2
2024-12-13 11:31:09,031 - INFO - Monitoramento: CPU 9.5% | Mem贸ria 68.6% | Clientes ativos 2
2024-12-13 11:31:14,037 - INFO - Monitoramento: CPU 12.2% | Mem贸ria 68.5% | Clientes ativos 2
2024-12-13 11:31:19,044 - INFO - Monitoramento: CPU 9.1% | Mem贸ria 68.4% | Clientes ativos 2
2024-12-13 11:31:24,049 - INFO - Monitoramento: CPU 11.5% | Mem贸ria 68.5% | Clientes ativos 2
2024-12-13 11:31:29,056 - INFO - Monitoramento: CPU 11.6% | Mem贸ria 68.4% | Clientes ativos 2
2024-12-13 11:31:34,062 - INFO - Monitoramento: CPU 9.8% | Mem贸ria 68.3% | Clientes ativos 2
2024-12-13 11:31:39,066 - INFO - Monitoramento: CPU 10.4% | Mem贸ria 68.8% | Clientes ativos 2
2024-12-13 11:31:44,074 - INFO - Monitoramento: CPU 9.5% | Mem贸ria 69.5% | Clientes ativos 2
2024-12-13 11:31:49,083 - INFO - Monitoramento: CPU 11.1% | Mem贸ria 69.0% | Clientes ativos 2
2024-12-13 11:31:54,086 - INFO - Monitoramento: CPU 12.2% | Mem贸ria 69.4% | Clientes ativos 2
2024-12-13 11:31:59,090 - INFO - Monitoramento: CPU 16.7% | Mem贸ria 69.3% | Clientes ativos 2
2024-12-13 11:32:04,093 - INFO - Monitoramento: CPU 11.8% | Mem贸ria 69.5% | Clientes ativos 2
2024-12-13 11:32:09,100 - INFO - Monitoramento: CPU 7.5% | Mem贸ria 69.7% | Clientes ativos 2
2024-12-13 11:32:14,104 - INFO - Monitoramento: CPU 17.7% | Mem贸ria 69.7% | Clientes ativos 2
2024-12-13 11:32:19,107 - INFO - Monitoramento: CPU 18.3% | Mem贸ria 70.2% | Clientes ativos 2
2024-12-13 11:32:24,110 - INFO - Monitoramento: CPU 12.2% | Mem贸ria 68.8% | Clientes ativos 2
2024-12-13 11:32:29,117 - INFO - Monitoramento: CPU 8.3% | Mem贸ria 69.0% | Clientes ativos 2
2024-12-13 11:32:34,120 - INFO - Monitoramento: CPU 24.5% | Mem贸ria 69.5% | Clientes ativos 2
2024-12-13 11:32:39,124 - INFO - Monitoramento: CPU 17.4% | Mem贸ria 69.9% | Clientes ativos 2
2024-12-13 11:32:44,129 - INFO - Monitoramento: CPU 12.4% | Mem贸ria 69.6% | Clientes ativos 2
2024-12-13 11:32:49,138 - INFO - Monitoramento: CPU 10.0% | Mem贸ria 69.0% | Clientes ativos 2
2024-12-13 11:32:54,148 - INFO - Monitoramento: CPU 6.7% | Mem贸ria 69.7% | Clientes ativos 2
2024-12-13 11:32:59,157 - INFO - Monitoramento: CPU 30.4% | Mem贸ria 70.6% | Clientes ativos 2
2024-12-13 11:33:04,163 - INFO - Monitoramento: CPU 12.0% | Mem贸ria 69.6% | Clientes ativos 2
2024-12-13 11:33:09,169 - INFO - Monitoramento: CPU 12.6% | Mem贸ria 68.8% | Clientes ativos 2
2024-12-13 11:33:14,177 - INFO - Monitoramento: CPU 24.9% | Mem贸ria 69.7% | Clientes ativos 2
2024-12-13 11:33:19,186 - INFO - Monitoramento: CPU 8.3% | Mem贸ria 70.2% | Clientes ativos 2
2024-12-13 11:33:24,194 - INFO - Monitoramento: CPU 9.2% | Mem贸ria 70.0% | Clientes ativos 2
2024-12-13 11:33:29,203 - INFO - Monitoramento: CPU 9.6% | Mem贸ria 70.1% | Clientes ativos 2
2024-12-13 11:33:34,213 - INFO - Monitoramento: CPU 13.3% | Mem贸ria 70.1% | Clientes ativos 2
2024-12-13 11:33:39,221 - INFO - Monitoramento: CPU 11.5% | Mem贸ria 70.1% | Clientes ativos 2
2024-12-13 11:33:44,230 - INFO - Monitoramento: CPU 18.4% | Mem贸ria 70.5% | Clientes ativos 2
2024-12-13 11:33:49,238 - INFO - Monitoramento: CPU 10.7% | Mem贸ria 70.6% | Clientes ativos 2
2024-12-13 11:33:54,242 - INFO - Monitoramento: CPU 14.0% | Mem贸ria 70.8% | Clientes ativos 2
2024-12-13 11:33:59,245 - INFO - Monitoramento: CPU 13.3% | Mem贸ria 71.1% | Clientes ativos 2
2024-12-13 11:34:04,250 - INFO - Monitoramento: CPU 25.6% | Mem贸ria 71.3% | Clientes ativos 2
2024-12-13 11:34:09,253 - INFO - Monitoramento: CPU 19.2% | Mem贸ria 71.5% | Clientes ativos 2
2024-12-13 11:34:14,257 - INFO - Monitoramento: CPU 21.5% | Mem贸ria 71.5% | Clientes ativos 2
2024-12-13 11:34:19,266 - INFO - Monitoramento: CPU 19.8% | Mem贸ria 71.8% | Clientes ativos 2
2024-12-13 11:34:24,271 - INFO - Monitoramento: CPU 13.7% | Mem贸ria 71.2% | Clientes ativos 2
2024-12-13 11:34:29,275 - INFO - Monitoramento: CPU 14.0% | Mem贸ria 71.8% | Clientes ativos 2
2024-12-13 11:34:34,284 - INFO - Monitoramento: CPU 12.1% | Mem贸ria 71.7% | Clientes ativos 2
2024-12-13 11:34:39,294 - INFO - Monitoramento: CPU 17.6% | Mem贸ria 71.7% | Clientes ativos 2
2024-12-13 11:34:44,300 - INFO - Monitoramento: CPU 11.0% | Mem贸ria 71.7% | Clientes ativos 2
2024-12-13 11:34:49,309 - INFO - Monitoramento: CPU 12.3% | Mem贸ria 71.4% | Clientes ativos 2
2024-12-13 11:34:54,317 - INFO - Monitoramento: CPU 8.7% | Mem贸ria 71.4% | Clientes ativos 2
2024-12-13 11:34:59,324 - INFO - Monitoramento: CPU 14.2% | Mem贸ria 71.6% | Clientes ativos 2
2024-12-13 11:35:04,331 - INFO - Monitoramento: CPU 13.7% | Mem贸ria 71.7% | Clientes ativos 2
2024-12-13 11:35:09,339 - INFO - Monitoramento: CPU 12.9% | Mem贸ria 71.6% | Clientes ativos 2
2024-12-13 11:35:16,513 - INFO - Monitoramento: CPU 10.4% | Mem贸ria 71.5% | Clientes ativos 2
2024-12-13 11:35:21,517 - INFO - Monitoramento: CPU 21.5% | Mem贸ria 71.7% | Clientes ativos 2
2024-12-13 11:35:26,521 - INFO - Monitoramento: CPU 15.2% | Mem贸ria 71.6% | Clientes ativos 2
2024-12-13 11:35:31,528 - INFO - Monitoramento: CPU 18.6% | Mem贸ria 71.5% | Clientes ativos 2
2024-12-13 11:35:36,534 - INFO - Monitoramento: CPU 8.6% | Mem贸ria 71.7% | Clientes ativos 2
2024-12-13 11:35:41,541 - INFO - Monitoramento: CPU 9.4% | Mem贸ria 71.9% | Clientes ativos 2
2024-12-13 11:35:46,549 - INFO - Monitoramento: CPU 14.1% | Mem贸ria 72.1% | Clientes ativos 2
2024-12-13 11:35:51,561 - INFO - Monitoramento: CPU 27.5% | Mem贸ria 75.1% | Clientes ativos 2
2024-12-13 11:35:56,566 - INFO - Monitoramento: CPU 27.4% | Mem贸ria 74.9% | Clientes ativos 2
2024-12-13 11:36:01,581 - INFO - Monitoramento: CPU 17.7% | Mem贸ria 74.4% | Clientes ativos 2
2024-12-13 11:36:06,595 - INFO - Monitoramento: CPU 34.9% | Mem贸ria 75.9% | Clientes ativos 2
2024-12-13 11:36:11,606 - INFO - Monitoramento: CPU 34.0% | Mem贸ria 75.8% | Clientes ativos 2
2024-12-13 11:36:16,614 - INFO - Monitoramento: CPU 23.4% | Mem贸ria 72.7% | Clientes ativos 2
2024-12-13 11:36:21,620 - INFO - Monitoramento: CPU 29.6% | Mem贸ria 72.3% | Clientes ativos 2
2024-12-13 11:36:26,659 - INFO - Monitoramento: CPU 34.0% | Mem贸ria 72.6% | Clientes ativos 2
2024-12-13 11:36:31,662 - INFO - Monitoramento: CPU 33.1% | Mem贸ria 77.6% | Clientes ativos 2
2024-12-13 11:36:36,667 - INFO - Monitoramento: CPU 19.8% | Mem贸ria 76.6% | Clientes ativos 2
2024-12-13 11:36:41,670 - INFO - Monitoramento: CPU 23.7% | Mem贸ria 78.0% | Clientes ativos 2
2024-12-13 11:36:46,674 - INFO - Monitoramento: CPU 32.9% | Mem贸ria 74.9% | Clientes ativos 2
2024-12-13 11:36:51,678 - INFO - Monitoramento: CPU 32.8% | Mem贸ria 75.1% | Clientes ativos 2
2024-12-13 11:36:56,682 - INFO - Monitoramento: CPU 33.8% | Mem贸ria 74.5% | Clientes ativos 2
2024-12-13 11:37:01,688 - INFO - Monitoramento: CPU 54.0% | Mem贸ria 74.7% | Clientes ativos 2
2024-12-13 11:37:06,692 - INFO - Monitoramento: CPU 51.7% | Mem贸ria 76.0% | Clientes ativos 2
2024-12-13 11:37:11,696 - INFO - Monitoramento: CPU 38.2% | Mem贸ria 76.0% | Clientes ativos 2
2024-12-13 11:37:16,700 - INFO - Monitoramento: CPU 43.2% | Mem贸ria 76.9% | Clientes ativos 2
2024-12-13 11:37:21,705 - INFO - Monitoramento: CPU 42.3% | Mem贸ria 76.9% | Clientes ativos 2
2024-12-13 11:37:26,710 - INFO - Monitoramento: CPU 51.7% | Mem贸ria 77.1% | Clientes ativos 2
2024-12-13 11:37:31,714 - INFO - Monitoramento: CPU 39.8% | Mem贸ria 77.1% | Clientes ativos 2
2024-12-13 11:37:36,720 - INFO - Monitoramento: CPU 31.5% | Mem贸ria 77.2% | Clientes ativos 2
2024-12-13 11:37:41,727 - INFO - Monitoramento: CPU 32.1% | Mem贸ria 74.5% | Clientes ativos 2
2024-12-13 11:37:46,731 - INFO - Monitoramento: CPU 57.9% | Mem贸ria 74.8% | Clientes ativos 2
2024-12-13 11:37:51,734 - INFO - Monitoramento: CPU 29.7% | Mem贸ria 75.0% | Clientes ativos 2
2024-12-13 11:37:56,738 - INFO - Monitoramento: CPU 31.2% | Mem贸ria 75.1% | Clientes ativos 2
2024-12-13 11:38:01,742 - INFO - Monitoramento: CPU 28.8% | Mem贸ria 75.1% | Clientes ativos 2
2024-12-13 11:38:06,747 - INFO - Monitoramento: CPU 33.2% | Mem贸ria 74.8% | Clientes ativos 2
2024-12-13 11:38:11,750 - INFO - Monitoramento: CPU 33.0% | Mem贸ria 74.8% | Clientes ativos 2
2024-12-13 11:38:16,754 - INFO - Monitoramento: CPU 35.4% | Mem贸ria 74.7% | Clientes ativos 2
2024-12-13 11:38:21,759 - INFO - Monitoramento: CPU 41.9% | Mem贸ria 74.7% | Clientes ativos 2
2024-12-13 11:38:26,763 - INFO - Monitoramento: CPU 47.6% | Mem贸ria 74.9% | Clientes ativos 2
2024-12-13 11:38:31,767 - INFO - Monitoramento: CPU 70.9% | Mem贸ria 75.9% | Clientes ativos 2
2024-12-13 11:38:36,772 - INFO - Monitoramento: CPU 46.9% | Mem贸ria 75.6% | Clientes ativos 2
2024-12-13 11:38:41,777 - INFO - Monitoramento: CPU 45.0% | Mem贸ria 75.7% | Clientes ativos 2
2024-12-13 11:38:46,781 - INFO - Monitoramento: CPU 44.3% | Mem贸ria 75.6% | Clientes ativos 2
2024-12-13 11:38:51,790 - INFO - Monitoramento: CPU 46.5% | Mem贸ria 74.4% | Clientes ativos 2
2024-12-13 11:38:56,794 - INFO - Monitoramento: CPU 31.8% | Mem贸ria 74.1% | Clientes ativos 2
2024-12-13 11:39:01,797 - INFO - Monitoramento: CPU 30.1% | Mem贸ria 74.0% | Clientes ativos 2
2024-12-13 11:39:06,801 - INFO - Monitoramento: CPU 28.8% | Mem贸ria 74.8% | Clientes ativos 2
2024-12-13 11:39:11,806 - INFO - Monitoramento: CPU 32.3% | Mem贸ria 73.6% | Clientes ativos 2
2024-12-13 11:39:16,810 - INFO - Monitoramento: CPU 39.5% | Mem贸ria 75.8% | Clientes ativos 2
2024-12-13 11:39:21,813 - INFO - Monitoramento: CPU 40.0% | Mem贸ria 76.1% | Clientes ativos 2
2024-12-13 11:39:26,841 - INFO - Monitoramento: CPU 27.5% | Mem贸ria 76.3% | Clientes ativos 2
2024-12-13 11:39:31,850 - INFO - Monitoramento: CPU 46.8% | Mem贸ria 74.6% | Clientes ativos 2
2024-12-13 11:39:36,853 - INFO - Monitoramento: CPU 32.6% | Mem贸ria 74.3% | Clientes ativos 2
2024-12-13 11:39:41,859 - INFO - Monitoramento: CPU 38.4% | Mem贸ria 73.8% | Clientes ativos 2
2024-12-13 11:39:46,867 - INFO - Monitoramento: CPU 43.2% | Mem贸ria 74.1% | Clientes ativos 2
2024-12-13 11:39:51,894 - INFO - Monitoramento: CPU 36.1% | Mem贸ria 73.7% | Clientes ativos 2
2024-12-13 11:39:56,898 - INFO - Monitoramento: CPU 29.6% | Mem贸ria 72.8% | Clientes ativos 2
2024-12-13 11:40:01,901 - INFO - Monitoramento: CPU 34.3% | Mem贸ria 74.9% | Clientes ativos 2
2024-12-13 11:40:06,905 - INFO - Monitoramento: CPU 40.6% | Mem贸ria 74.8% | Clientes ativos 2
2024-12-13 11:40:11,909 - INFO - Monitoramento: CPU 38.5% | Mem贸ria 74.6% | Clientes ativos 2
2024-12-13 11:40:16,913 - INFO - Monitoramento: CPU 40.6% | Mem贸ria 75.0% | Clientes ativos 2
2024-12-13 11:40:21,917 - INFO - Monitoramento: CPU 43.2% | Mem贸ria 76.6% | Clientes ativos 2
2024-12-13 11:40:26,921 - INFO - Monitoramento: CPU 44.5% | Mem贸ria 76.5% | Clientes ativos 2
2024-12-13 11:40:31,924 - INFO - Monitoramento: CPU 28.3% | Mem贸ria 76.5% | Clientes ativos 2
2024-12-13 11:40:36,929 - INFO - Monitoramento: CPU 24.3% | Mem贸ria 76.1% | Clientes ativos 2
2024-12-13 11:40:41,934 - INFO - Monitoramento: CPU 32.6% | Mem贸ria 74.3% | Clientes ativos 2
2024-12-13 11:40:46,938 - INFO - Monitoramento: CPU 33.7% | Mem贸ria 73.7% | Clientes ativos 2
2024-12-13 11:40:51,946 - INFO - Monitoramento: CPU 33.6% | Mem贸ria 73.6% | Clientes ativos 2
2024-12-13 11:40:56,951 - INFO - Monitoramento: CPU 18.2% | Mem贸ria 74.0% | Clientes ativos 2
2024-12-13 11:41:01,954 - INFO - Monitoramento: CPU 14.0% | Mem贸ria 74.0% | Clientes ativos 2
2024-12-13 11:41:06,958 - INFO - Monitoramento: CPU 28.6% | Mem贸ria 74.8% | Clientes ativos 2
2024-12-13 11:41:11,962 - INFO - Monitoramento: CPU 32.6% | Mem贸ria 74.9% | Clientes ativos 2
2024-12-13 11:41:16,965 - INFO - Monitoramento: CPU 34.1% | Mem贸ria 75.6% | Clientes ativos 2
2024-12-13 11:41:21,971 - INFO - Monitoramento: CPU 37.9% | Mem贸ria 75.0% | Clientes ativos 2
2024-12-13 11:41:26,975 - INFO - Monitoramento: CPU 34.4% | Mem贸ria 74.2% | Clientes ativos 2
2024-12-13 11:41:31,978 - INFO - Monitoramento: CPU 23.5% | Mem贸ria 74.1% | Clientes ativos 2
2024-12-13 11:41:36,982 - INFO - Monitoramento: CPU 22.1% | Mem贸ria 74.1% | Clientes ativos 2
2024-12-13 11:41:41,986 - INFO - Monitoramento: CPU 28.3% | Mem贸ria 75.0% | Clientes ativos 2
2024-12-13 11:41:46,990 - INFO - Monitoramento: CPU 21.7% | Mem贸ria 73.7% | Clientes ativos 2
2024-12-13 11:41:51,999 - INFO - Monitoramento: CPU 26.2% | Mem贸ria 73.7% | Clientes ativos 2
2024-12-13 11:41:57,010 - INFO - Monitoramento: CPU 18.2% | Mem贸ria 73.3% | Clientes ativos 2
2024-12-13 11:42:02,022 - INFO - Monitoramento: CPU 46.7% | Mem贸ria 73.7% | Clientes ativos 2
2024-12-13 11:42:07,025 - INFO - Monitoramento: CPU 24.9% | Mem贸ria 73.8% | Clientes ativos 2
2024-12-13 11:42:12,028 - INFO - Monitoramento: CPU 50.9% | Mem贸ria 74.9% | Clientes ativos 2
2024-12-13 11:42:17,034 - INFO - Monitoramento: CPU 30.7% | Mem贸ria 74.7% | Clientes ativos 2
2024-12-13 11:42:22,044 - INFO - Monitoramento: CPU 16.3% | Mem贸ria 74.3% | Clientes ativos 2
2024-12-13 11:42:27,051 - INFO - Monitoramento: CPU 25.3% | Mem贸ria 74.1% | Clientes ativos 2
2024-12-13 11:42:32,059 - INFO - Monitoramento: CPU 31.6% | Mem贸ria 73.6% | Clientes ativos 2
2024-12-13 11:42:37,063 - INFO - Monitoramento: CPU 19.1% | Mem贸ria 73.1% | Clientes ativos 2
2024-12-13 11:42:42,075 - INFO - Monitoramento: CPU 28.2% | Mem贸ria 73.3% | Clientes ativos 2
2024-12-13 11:42:47,084 - INFO - Monitoramento: CPU 27.4% | Mem贸ria 73.4% | Clientes ativos 2
2024-12-13 11:42:52,089 - INFO - Monitoramento: CPU 26.5% | Mem贸ria 73.8% | Clientes ativos 2
2024-12-13 11:42:57,093 - INFO - Monitoramento: CPU 14.7% | Mem贸ria 73.7% | Clientes ativos 2
2024-12-13 11:43:02,096 - INFO - Monitoramento: CPU 49.0% | Mem贸ria 73.9% | Clientes ativos 2
2024-12-13 11:43:07,655 - INFO - Monitoramento: CPU 48.4% | Mem贸ria 74.3% | Clientes ativos 2
2024-12-13 11:43:12,661 - INFO - Monitoramento: CPU 47.2% | Mem贸ria 73.3% | Clientes ativos 2
2024-12-13 11:43:17,667 - INFO - Monitoramento: CPU 35.1% | Mem贸ria 73.1% | Clientes ativos 2
2024-12-13 11:43:20,361 - INFO - Mensagem enviada para ('127.0.0.1', 63245): dwa
2024-12-13 11:43:22,671 - INFO - Monitoramento: CPU 30.5% | Mem贸ria 73.8% | Clientes ativos 2
2024-12-13 11:43:27,674 - INFO - Monitoramento: CPU 45.3% | Mem贸ria 73.8% | Clientes ativos 2
2024-12-13 11:43:32,679 - INFO - Monitoramento: CPU 32.5% | Mem贸ria 73.8% | Clientes ativos 2
2024-12-13 11:43:37,687 - INFO - Monitoramento: CPU 19.3% | Mem贸ria 73.5% | Clientes ativos 2
2024-12-13 11:43:42,711 - INFO - Monitoramento: CPU 21.5% | Mem贸ria 73.1% | Clientes ativos 2
2024-12-13 11:44:10,481 - INFO - Servidor iniciado e escutando na porta 5000...
2024-12-13 11:44:10,577 - INFO - Monitoramento: CPU 0.0% | Mem贸ria 74.5% | Clientes ativos 1
2024-12-13 11:44:15,582 - INFO - Monitoramento: CPU 28.3% | Mem贸ria 74.2% | Clientes ativos 1
2024-12-13 11:44:20,586 - INFO - Monitoramento: CPU 32.3% | Mem贸ria 74.2% | Clientes ativos 1
2024-12-13 11:44:23,993 - INFO - Conex茫o estabelecida com ('127.0.0.1', 65374)
2024-12-13 11:44:23,993 - INFO - Clientes ativos: 2
2024-12-13 11:44:25,592 - INFO - Monitoramento: CPU 31.5% | Mem贸ria 74.3% | Clientes ativos 2
2024-12-13 11:44:30,602 - INFO - Monitoramento: CPU 12.3% | Mem贸ria 73.8% | Clientes ativos 2
2024-12-13 11:44:31,015 - WARNING - Tentativa de autentica莽茫o falhou para andrei.
2024-12-13 11:44:35,611 - INFO - Monitoramento: CPU 16.8% | Mem贸ria 74.0% | Clientes ativos 1
2024-12-13 11:44:40,616 - INFO - Monitoramento: CPU 28.7% | Mem贸ria 74.1% | Clientes ativos 1
2024-12-13 11:44:45,621 - INFO - Monitoramento: CPU 22.9% | Mem贸ria 74.5% | Clientes ativos 1
2024-12-13 11:44:50,625 - INFO - Monitoramento: CPU 36.5% | Mem贸ria 74.8% | Clientes ativos 1
2024-12-13 11:44:55,668 - INFO - Monitoramento: CPU 14.0% | Mem贸ria 74.7% | Clientes ativos 1
2024-12-13 11:45:00,677 - INFO - Monitoramento: CPU 15.5% | Mem贸ria 74.8% | Clientes ativos 1
2024-12-13 11:45:06,095 - INFO - Monitoramento: CPU 26.5% | Mem贸ria 74.9% | Clientes ativos 1
2024-12-13 11:45:11,104 - INFO - Monitoramento: CPU 17.9% | Mem贸ria 74.9% | Clientes ativos 1
2024-12-13 11:45:16,110 - INFO - Monitoramento: CPU 10.6% | Mem贸ria 74.7% | Clientes ativos 1
2024-12-13 11:45:21,120 - INFO - Monitoramento: CPU 31.1% | Mem贸ria 75.0% | Clientes ativos 1
2024-12-13 11:45:26,127 - INFO - Monitoramento: CPU 35.7% | Mem贸ria 74.9% | Clientes ativos 1
2024-12-13 11:45:31,135 - INFO - Monitoramento: CPU 27.2% | Mem贸ria 74.8% | Clientes ativos 1
2024-12-13 11:45:36,140 - INFO - Monitoramento: CPU 23.1% | Mem贸ria 75.1% | Clientes ativos 1
2024-12-13 11:45:41,145 - INFO - Monitoramento: CPU 22.8% | Mem贸ria 75.1% | Clientes ativos 1
2024-12-13 11:45:44,735 - INFO - Conex茫o estabelecida com ('127.0.0.1', 65454)
2024-12-13 11:45:44,735 - INFO - Clientes ativos: 2
2024-12-13 11:45:46,150 - INFO - Monitoramento: CPU 23.1% | Mem贸ria 75.6% | Clientes ativos 2
2024-12-13 11:45:49,617 - INFO - Cliente usuario autenticado.
2024-12-13 11:45:51,153 - INFO - Monitoramento: CPU 16.0% | Mem贸ria 75.4% | Clientes ativos 2
2024-12-13 11:45:53,203 - INFO - Mensagem recebida de ('127.0.0.1', 65454): show
2024-12-13 11:45:56,157 - INFO - Monitoramento: CPU 12.5% | Mem贸ria 75.2% | Clientes ativos 2
2024-12-13 11:46:01,165 - INFO - Monitoramento: CPU 16.1% | Mem贸ria 75.4% | Clientes ativos 2
2024-12-13 11:46:06,174 - INFO - Monitoramento: CPU 20.8% | Mem贸ria 75.3% | Clientes ativos 2
2024-12-13 11:46:11,177 - INFO - Monitoramento: CPU 18.6% | Mem贸ria 75.2% | Clientes ativos 2
2024-12-13 11:46:16,185 - INFO - Monitoramento: CPU 16.6% | Mem贸ria 75.5% | Clientes ativos 2
2024-12-13 11:46:21,190 - INFO - Monitoramento: CPU 35.5% | Mem贸ria 75.5% | Clientes ativos 2
2024-12-13 11:46:24,216 - INFO - Mensagem enviada para ('127.0.0.1', 65454): abc
2024-12-13 11:46:26,195 - INFO - Monitoramento: CPU 26.6% | Mem贸ria 75.5% | Clientes ativos 2
2024-12-13 11:46:31,201 - INFO - Monitoramento: CPU 66.2% | Mem贸ria 75.4% | Clientes ativos 2
2024-12-13 11:46:36,206 - INFO - Monitoramento: CPU 58.9% | Mem贸ria 75.0% | Clientes ativos 2
2024-12-13 11:46:41,212 - INFO - Monitoramento: CPU 56.3% | Mem贸ria 75.7% | Clientes ativos 2
2024-12-13 11:46:46,216 - INFO - Monitoramento: CPU 27.9% | Mem贸ria 75.4% | Clientes ativos 2
2024-12-13 11:46:51,220 - INFO - Monitoramento: CPU 25.8% | Mem贸ria 75.8% | Clientes ativos 2
2024-12-13 11:46:56,228 - INFO - Monitoramento: CPU 28.1% | Mem贸ria 75.0% | Clientes ativos 2
2024-12-13 11:47:01,231 - INFO - Monitoramento: CPU 25.3% | Mem贸ria 75.0% | Clientes ativos 2
2024-12-13 11:47:06,237 - INFO - Monitoramento: CPU 11.7% | Mem贸ria 74.7% | Clientes ativos 2
2024-12-13 11:47:11,247 - INFO - Monitoramento: CPU 15.4% | Mem贸ria 75.2% | Clientes ativos 2
2024-12-13 11:47:16,252 - INFO - Monitoramento: CPU 19.2% | Mem贸ria 74.4% | Clientes ativos 2
2024-12-13 11:47:21,260 - INFO - Monitoramento: CPU 14.2% | Mem贸ria 74.3% | Clientes ativos 2
2024-12-13 11:47:26,265 - INFO - Monitoramento: CPU 26.1% | Mem贸ria 74.2% | Clientes ativos 2
2024-12-13 11:47:31,274 - INFO - Monitoramento: CPU 18.0% | Mem贸ria 74.0% | Clientes ativos 2
2024-12-13 11:47:36,280 - INFO - Monitoramento: CPU 14.9% | Mem贸ria 74.0% | Clientes ativos 2
2024-12-13 11:47:41,283 - INFO - Monitoramento: CPU 44.2% | Mem贸ria 74.3% | Clientes ativos 2
2024-12-13 11:47:44,500 - INFO - Mensagem recebida de ('127.0.0.1', 65454): daw
2024-12-13 11:47:46,288 - INFO - Monitoramento: CPU 19.2% | Mem贸ria 74.3% | Clientes ativos 2
2024-12-13 11:47:51,292 - INFO - Monitoramento: CPU 21.7% | Mem贸ria 73.8% | Clientes ativos 2
2024-12-13 11:47:56,301 - INFO - Monitoramento: CPU 16.6% | Mem贸ria 74.0% | Clientes ativos 2
2024-12-13 11:48:01,308 - INFO - Monitoramento: CPU 4.0% | Mem贸ria 73.9% | Clientes ativos 2
2024-12-13 11:48:06,311 - INFO - Monitoramento: CPU 38.0% | Mem贸ria 74.2% | Clientes ativos 2
2024-12-13 11:48:09,834 - INFO - Conex茫o estabelecida com ('127.0.0.1', 49186)
2024-12-13 11:48:09,834 - INFO - Clientes ativos: 3
2024-12-13 11:48:11,320 - INFO - Monitoramento: CPU 13.7% | Mem贸ria 74.3% | Clientes ativos 3
2024-12-13 11:48:16,325 - INFO - Monitoramento: CPU 6.5% | Mem贸ria 74.4% | Clientes ativos 3
2024-12-13 11:48:19,578 - WARNING - Tentativa de autentica莽茫o falhou para usario.
2024-12-13 11:48:21,328 - INFO - Monitoramento: CPU 5.9% | Mem贸ria 74.4% | Clientes ativos 2
2024-12-13 11:48:26,335 - INFO - Monitoramento: CPU 11.2% | Mem贸ria 74.4% | Clientes ativos 2
2024-12-13 11:48:31,341 - INFO - Monitoramento: CPU 15.0% | Mem贸ria 73.9% | Clientes ativos 2
2024-12-13 11:48:36,350 - INFO - Monitoramento: CPU 12.8% | Mem贸ria 73.5% | Clientes ativos 2
2024-12-13 11:48:41,355 - INFO - Monitoramento: CPU 5.8% | Mem贸ria 73.4% | Clientes ativos 2
2024-12-13 11:48:46,361 - INFO - Monitoramento: CPU 5.9% | Mem贸ria 73.4% | Clientes ativos 2
2024-12-13 11:48:51,365 - INFO - Monitoramento: CPU 2.8% | Mem贸ria 73.4% | Clientes ativos 2
2024-12-13 11:48:56,374 - INFO - Monitoramento: CPU 2.4% | Mem贸ria 73.4% | Clientes ativos 2
2024-12-13 11:49:01,383 - INFO - Monitoramento: CPU 4.7% | Mem贸ria 73.4% | Clientes ativos 2
2024-12-13 11:49:06,265 - INFO - Conex茫o estabelecida com ('127.0.0.1', 49228)
2024-12-13 11:49:06,265 - INFO - Clientes ativos: 3
2024-12-13 11:49:06,390 - INFO - Monitoramento: CPU 12.2% | Mem贸ria 73.3% | Clientes ativos 3
2024-12-13 11:49:11,396 - INFO - Monitoramento: CPU 6.2% | Mem贸ria 73.3% | Clientes ativos 3
2024-12-13 11:49:16,400 - INFO - Monitoramento: CPU 17.4% | Mem贸ria 73.5% | Clientes ativos 3
2024-12-13 11:49:21,409 - INFO - Monitoramento: CPU 9.5% | Mem贸ria 73.5% | Clientes ativos 3
2024-12-13 11:49:26,417 - INFO - Monitoramento: CPU 13.3% | Mem贸ria 73.5% | Clientes ativos 3
2024-12-13 11:49:31,422 - INFO - Monitoramento: CPU 13.1% | Mem贸ria 73.6% | Clientes ativos 3
2024-12-13 11:49:36,426 - INFO - Monitoramento: CPU 25.7% | Mem贸ria 74.0% | Clientes ativos 3
2024-12-13 11:49:36,652 - INFO - Cliente usuario autenticado.
2024-12-13 11:49:41,429 - INFO - Monitoramento: CPU 12.7% | Mem贸ria 73.6% | Clientes ativos 3
2024-12-13 11:49:46,433 - INFO - Monitoramento: CPU 25.7% | Mem贸ria 73.7% | Clientes ativos 3
2024-12-13 11:49:51,437 - INFO - Monitoramento: CPU 4.8% | Mem贸ria 73.6% | Clientes ativos 3
2024-12-13 11:49:56,440 - INFO - Monitoramento: CPU 14.5% | Mem贸ria 73.6% | Clientes ativos 3
2024-12-13 11:50:01,448 - INFO - Monitoramento: CPU 3.1% | Mem贸ria 73.6% | Clientes ativos 3
2024-12-13 11:50:06,454 - INFO - Monitoramento: CPU 12.2% | Mem贸ria 73.6% | Clientes ativos 3
2024-12-13 11:50:11,462 - INFO - Monitoramento: CPU 18.7% | Mem贸ria 73.6% | Clientes ativos 3
2024-12-13 11:50:16,469 - INFO - Monitoramento: CPU 6.4% | Mem贸ria 73.5% | Clientes ativos 3
2024-12-13 11:50:21,476 - INFO - Monitoramento: CPU 12.4% | Mem贸ria 73.6% | Clientes ativos 3
2024-12-13 11:50:26,484 - INFO - Monitoramento: CPU 16.2% | Mem贸ria 73.6% | Clientes ativos 3
2024-12-13 11:50:31,492 - INFO - Monitoramento: CPU 22.1% | Mem贸ria 73.6% | Clientes ativos 3
2024-12-13 11:50:36,502 - INFO - Monitoramento: CPU 26.4% | Mem贸ria 73.8% | Clientes ativos 3
2024-12-13 11:50:41,511 - INFO - Monitoramento: CPU 16.3% | Mem贸ria 73.6% | Clientes ativos 3
2024-12-13 11:50:46,521 - INFO - Monitoramento: CPU 19.6% | Mem贸ria 73.8% | Clientes ativos 3
2024-12-13 11:50:51,530 - INFO - Monitoramento: CPU 25.1% | Mem贸ria 73.9% | Clientes ativos 3
2024-12-13 11:50:56,538 - INFO - Monitoramento: CPU 29.3% | Mem贸ria 73.9% | Clientes ativos 3
2024-12-13 11:51:01,551 - INFO - Monitoramento: CPU 22.9% | Mem贸ria 73.8% | Clientes ativos 3
2024-12-13 11:51:06,557 - INFO - Monitoramento: CPU 10.9% | Mem贸ria 74.2% | Clientes ativos 3
2024-12-13 11:51:11,562 - INFO - Monitoramento: CPU 23.7% | Mem贸ria 74.0% | Clientes ativos 3
2024-12-13 11:51:16,567 - INFO - Monitoramento: CPU 12.7% | Mem贸ria 74.0% | Clientes ativos 3
2024-12-13 11:51:21,575 - INFO - Monitoramento: CPU 20.2% | Mem贸ria 73.9% | Clientes ativos 3
2024-12-13 11:51:26,587 - INFO - Monitoramento: CPU 16.1% | Mem贸ria 74.0% | Clientes ativos 3
2024-12-13 11:51:29,400 - INFO - Conex茫o encerrada pelo cliente ('127.0.0.1', 49228)
2024-12-13 11:51:29,400 - INFO - Conex茫o fechada com ('127.0.0.1', 49228)
2024-12-13 11:51:31,592 - INFO - Monitoramento: CPU 22.8% | Mem贸ria 73.5% | Clientes ativos 2
2024-12-13 11:51:36,596 - INFO - Monitoramento: CPU 15.7% | Mem贸ria 74.3% | Clientes ativos 2
2024-12-13 11:51:36,797 - INFO - Conex茫o estabelecida com ('127.0.0.1', 49345)
2024-12-13 11:51:36,797 - INFO - Clientes ativos: 3
2024-12-13 11:51:41,602 - INFO - Monitoramento: CPU 10.9% | Mem贸ria 74.3% | Clientes ativos 3
2024-12-13 11:51:41,605 - INFO - Cliente usuario autenticado.
2024-12-13 11:51:46,610 - INFO - Monitoramento: CPU 28.3% | Mem贸ria 74.5% | Clientes ativos 3
2024-12-13 11:51:51,618 - INFO - Monitoramento: CPU 19.3% | Mem贸ria 74.5% | Clientes ativos 3
2024-12-13 11:51:56,625 - INFO - Monitoramento: CPU 7.0% | Mem贸ria 74.5% | Clientes ativos 3
2024-12-13 11:52:01,630 - INFO - Monitoramento: CPU 4.7% | Mem贸ria 74.4% | Clientes ativos 3
2024-12-13 11:52:06,635 - INFO - Monitoramento: CPU 27.6% | Mem贸ria 76.1% | Clientes ativos 3
2024-12-13 11:52:11,640 - INFO - Monitoramento: CPU 23.3% | Mem贸ria 76.5% | Clientes ativos 3
2024-12-13 11:52:16,644 - INFO - Monitoramento: CPU 10.3% | Mem贸ria 76.6% | Clientes ativos 3
2024-12-13 11:52:21,648 - INFO - Monitoramento: CPU 5.5% | Mem贸ria 76.7% | Clientes ativos 3
2024-12-13 11:52:26,672 - INFO - Monitoramento: CPU 4.7% | Mem贸ria 73.9% | Clientes ativos 3
2024-12-13 11:52:31,681 - INFO - Monitoramento: CPU 5.8% | Mem贸ria 73.7% | Clientes ativos 3
2024-12-13 11:52:36,688 - INFO - Monitoramento: CPU 3.7% | Mem贸ria 73.5% | Clientes ativos 3
2024-12-13 11:52:41,694 - INFO - Monitoramento: CPU 3.6% | Mem贸ria 73.5% | Clientes ativos 3
2024-12-13 11:52:46,698 - INFO - Monitoramento: CPU 6.8% | Mem贸ria 73.4% | Clientes ativos 3
2024-12-13 11:52:51,701 - INFO - Monitoramento: CPU 11.1% | Mem贸ria 73.4% | Clientes ativos 3
2024-12-13 11:52:56,707 - INFO - Monitoramento: CPU 2.7% | Mem贸ria 73.4% | Clientes ativos 3
2024-12-13 11:53:01,715 - INFO - Monitoramento: CPU 3.0% | Mem贸ria 73.3% | Clientes ativos 3
2024-12-13 11:53:06,719 - INFO - Monitoramento: CPU 7.5% | Mem贸ria 73.3% | Clientes ativos 3
2024-12-13 11:53:11,727 - INFO - Monitoramento: CPU 3.4% | Mem贸ria 73.3% | Clientes ativos 3
2024-12-13 11:53:16,737 - INFO - Monitoramento: CPU 3.8% | Mem贸ria 73.3% | Clientes ativos 3
2024-12-13 11:53:21,746 - INFO - Monitoramento: CPU 3.7% | Mem贸ria 73.3% | Clientes ativos 3
2024-12-13 11:53:26,752 - INFO - Monitoramento: CPU 7.4% | Mem贸ria 73.3% | Clientes ativos 3
2024-12-13 11:53:31,757 - INFO - Monitoramento: CPU 4.0% | Mem贸ria 73.3% | Clientes ativos 3
2024-12-13 11:53:36,763 - INFO - Monitoramento: CPU 7.1% | Mem贸ria 72.8% | Clientes ativos 3
2024-12-13 11:53:41,769 - INFO - Monitoramento: CPU 3.0% | Mem贸ria 72.8% | Clientes ativos 3
2024-12-13 11:53:46,773 - INFO - Monitoramento: CPU 4.8% | Mem贸ria 72.8% | Clientes ativos 3
2024-12-13 11:53:51,776 - INFO - Monitoramento: CPU 3.8% | Mem贸ria 72.8% | Clientes ativos 3
2024-12-13 11:53:56,784 - INFO - Monitoramento: CPU 2.3% | Mem贸ria 72.8% | Clientes ativos 3
2024-12-13 11:54:01,791 - INFO - Monitoramento: CPU 19.4% | Mem贸ria 83.7% | Clientes ativos 3
2024-12-13 11:54:06,794 - INFO - Monitoramento: CPU 9.7% | Mem贸ria 80.1% | Clientes ativos 3
2024-12-13 11:54:11,797 - INFO - Monitoramento: CPU 4.4% | Mem贸ria 80.0% | Clientes ativos 3
2024-12-13 11:54:16,805 - INFO - Monitoramento: CPU 3.0% | Mem贸ria 80.0% | Clientes ativos 3
2024-12-13 11:54:21,812 - INFO - Monitoramento: CPU 3.1% | Mem贸ria 80.0% | Clientes ativos 3
2024-12-13 11:54:26,822 - INFO - Monitoramento: CPU 4.3% | Mem贸ria 80.0% | Clientes ativos 3
2024-12-13 11:54:31,831 - INFO - Monitoramento: CPU 4.7% | Mem贸ria 77.1% | Clientes ativos 3
2024-12-13 11:54:36,837 - INFO - Monitoramento: CPU 4.7% | Mem贸ria 73.7% | Clientes ativos 3
2024-12-13 11:54:41,840 - INFO - Monitoramento: CPU 2.8% | Mem贸ria 73.7% | Clientes ativos 3
2024-12-13 11:54:46,845 - INFO - Monitoramento: CPU 3.1% | Mem贸ria 73.7% | Clientes ativos 3
2024-12-13 11:54:51,851 - INFO - Monitoramento: CPU 4.2% | Mem贸ria 73.7% | Clientes ativos 3
2024-12-13 11:54:56,859 - INFO - Monitoramento: CPU 3.6% | Mem贸ria 73.7% | Clientes ativos 3
2024-12-13 11:55:01,868 - INFO - Monitoramento: CPU 2.9% | Mem贸ria 73.7% | Clientes ativos 3
2024-12-13 11:55:06,875 - INFO - Monitoramento: CPU 2.9% | Mem贸ria 73.8% | Clientes ativos 3
2024-12-13 11:55:11,881 - INFO - Monitoramento: CPU 4.3% | Mem贸ria 73.7% | Clientes ativos 3
2024-12-13 11:55:16,888 - INFO - Monitoramento: CPU 5.1% | Mem贸ria 73.7% | Clientes ativos 3
2024-12-13 11:55:21,896 - INFO - Monitoramento: CPU 4.7% | Mem贸ria 73.7% | Clientes ativos 3
2024-12-13 11:55:26,905 - INFO - Monitoramento: CPU 4.4% | Mem贸ria 73.6% | Clientes ativos 3
2024-12-13 11:55:31,911 - INFO - Monitoramento: CPU 1.9% | Mem贸ria 73.6% | Clientes ativos 3
2024-12-13 11:55:36,918 - INFO - Monitoramento: CPU 4.1% | Mem贸ria 73.6% | Clientes ativos 3
2024-12-13 11:55:41,923 - INFO - Monitoramento: CPU 4.0% | Mem贸ria 73.6% | Clientes ativos 3
2024-12-13 11:55:46,930 - INFO - Monitoramento: CPU 7.6% | Mem贸ria 73.6% | Clientes ativos 3
2024-12-13 11:55:51,937 - INFO - Monitoramento: CPU 5.0% | Mem贸ria 73.6% | Clientes ativos 3
2024-12-13 11:55:56,944 - INFO - Monitoramento: CPU 23.7% | Mem贸ria 74.6% | Clientes ativos 3
2024-12-13 11:56:01,949 - INFO - Monitoramento: CPU 10.8% | Mem贸ria 74.6% | Clientes ativos 3
2024-12-13 11:56:06,953 - INFO - Monitoramento: CPU 12.8% | Mem贸ria 75.1% | Clientes ativos 3
2024-12-13 11:56:11,959 - INFO - Monitoramento: CPU 8.2% | Mem贸ria 75.1% | Clientes ativos 3
2024-12-13 11:56:16,967 - INFO - Monitoramento: CPU 14.5% | Mem贸ria 75.4% | Clientes ativos 3
2024-12-13 11:56:21,976 - INFO - Monitoramento: CPU 17.0% | Mem贸ria 76.1% | Clientes ativos 3
2024-12-13 11:56:26,982 - INFO - Monitoramento: CPU 15.9% | Mem贸ria 74.1% | Clientes ativos 3
2024-12-13 11:56:31,990 - INFO - Monitoramento: CPU 12.0% | Mem贸ria 74.3% | Clientes ativos 3
2024-12-13 11:56:36,996 - INFO - Monitoramento: CPU 18.4% | Mem贸ria 74.5% | Clientes ativos 3
2024-12-13 11:56:42,002 - INFO - Monitoramento: CPU 21.6% | Mem贸ria 74.6% | Clientes ativos 3
2024-12-13 11:56:47,010 - INFO - Monitoramento: CPU 33.1% | Mem贸ria 74.7% | Clientes ativos 3
2024-12-13 11:56:52,016 - INFO - Monitoramento: CPU 25.1% | Mem贸ria 74.5% | Clientes ativos 3
2024-12-13 11:56:57,023 - INFO - Monitoramento: CPU 20.5% | Mem贸ria 74.6% | Clientes ativos 3
2024-12-13 11:57:02,029 - INFO - Monitoramento: CPU 16.9% | Mem贸ria 74.8% | Clientes ativos 3
2024-12-13 11:57:07,033 - INFO - Monitoramento: CPU 21.6% | Mem贸ria 74.8% | Clientes ativos 3
2024-12-13 11:57:12,038 - INFO - Monitoramento: CPU 29.7% | Mem贸ria 74.6% | Clientes ativos 3
2024-12-13 11:57:17,046 - INFO - Monitoramento: CPU 27.0% | Mem贸ria 74.5% | Clientes ativos 3
2024-12-13 11:57:22,056 - INFO - Monitoramento: CPU 24.3% | Mem贸ria 74.4% | Clientes ativos 3
2024-12-13 11:57:27,061 - INFO - Monitoramento: CPU 24.8% | Mem贸ria 74.6% | Clientes ativos 3
2024-12-13 11:57:32,065 - INFO - Monitoramento: CPU 25.8% | Mem贸ria 74.6% | Clientes ativos 3
2024-12-13 11:57:37,071 - INFO - Monitoramento: CPU 28.0% | Mem贸ria 74.7% | Clientes ativos 3
2024-12-13 11:57:42,074 - INFO - Monitoramento: CPU 30.9% | Mem贸ria 75.1% | Clientes ativos 3
2024-12-13 11:57:47,079 - INFO - Monitoramento: CPU 32.9% | Mem贸ria 74.9% | Clientes ativos 3
2024-12-13 11:57:52,084 - INFO - Monitoramento: CPU 29.2% | Mem贸ria 73.8% | Clientes ativos 3
2024-12-13 11:57:57,091 - INFO - Monitoramento: CPU 28.7% | Mem贸ria 73.7% | Clientes ativos 3
2024-12-13 11:58:02,094 - INFO - Monitoramento: CPU 7.6% | Mem贸ria 73.9% | Clientes ativos 3
2024-12-13 11:58:07,098 - INFO - Monitoramento: CPU 9.7% | Mem贸ria 74.0% | Clientes ativos 3
2024-12-13 11:58:12,101 - INFO - Monitoramento: CPU 13.5% | Mem贸ria 73.7% | Clientes ativos 3
2024-12-13 11:58:17,109 - INFO - Monitoramento: CPU 20.8% | Mem贸ria 73.7% | Clientes ativos 3
2024-12-13 11:58:22,113 - INFO - Monitoramento: CPU 17.0% | Mem贸ria 73.7% | Clientes ativos 3
2024-12-13 11:58:27,117 - INFO - Monitoramento: CPU 30.2% | Mem贸ria 73.7% | Clientes ativos 3
2024-12-13 11:58:32,122 - INFO - Monitoramento: CPU 21.2% | Mem贸ria 73.8% | Clientes ativos 3
2024-12-13 11:58:37,126 - INFO - Monitoramento: CPU 15.6% | Mem贸ria 73.3% | Clientes ativos 3
2024-12-13 11:58:42,133 - INFO - Monitoramento: CPU 15.1% | Mem贸ria 73.4% | Clientes ativos 3
2024-12-13 11:58:47,138 - INFO - Monitoramento: CPU 20.1% | Mem贸ria 73.3% | Clientes ativos 3
2024-12-13 11:58:52,142 - INFO - Monitoramento: CPU 28.0% | Mem贸ria 73.5% | Clientes ativos 3
2024-12-13 11:58:57,146 - INFO - Monitoramento: CPU 26.3% | Mem贸ria 73.9% | Clientes ativos 3
2024-12-13 11:59:02,154 - INFO - Monitoramento: CPU 20.0% | Mem贸ria 73.4% | Clientes ativos 3
2024-12-13 11:59:07,160 - INFO - Monitoramento: CPU 28.6% | Mem贸ria 73.2% | Clientes ativos 3
2024-12-13 11:59:12,164 - INFO - Monitoramento: CPU 12.6% | Mem贸ria 73.0% | Clientes ativos 3
2024-12-13 11:59:17,168 - INFO - Monitoramento: CPU 12.7% | Mem贸ria 73.0% | Clientes ativos 3
2024-12-13 11:59:22,173 - INFO - Monitoramento: CPU 12.2% | Mem贸ria 73.0% | Clientes ativos 3
2024-12-13 11:59:27,180 - INFO - Monitoramento: CPU 13.8% | Mem贸ria 73.2% | Clientes ativos 3
2024-12-13 11:59:32,185 - INFO - Monitoramento: CPU 8.0% | Mem贸ria 73.3% | Clientes ativos 3
2024-12-13 11:59:37,190 - INFO - Monitoramento: CPU 9.0% | Mem贸ria 73.1% | Clientes ativos 3
2024-12-13 11:59:42,194 - INFO - Monitoramento: CPU 10.8% | Mem贸ria 73.1% | Clientes ativos 3
2024-12-13 11:59:47,197 - INFO - Monitoramento: CPU 12.3% | Mem贸ria 73.0% | Clientes ativos 3
2024-12-13 11:59:52,201 - INFO - Monitoramento: CPU 9.7% | Mem贸ria 73.2% | Clientes ativos 3
2024-12-13 11:59:57,205 - INFO - Monitoramento: CPU 11.9% | Mem贸ria 73.2% | Clientes ativos 3
2024-12-13 12:00:02,208 - INFO - Monitoramento: CPU 8.6% | Mem贸ria 73.1% | Clientes ativos 3
2024-12-13 12:00:07,213 - INFO - Monitoramento: CPU 11.7% | Mem贸ria 73.3% | Clientes ativos 3
2024-12-13 12:00:12,219 - INFO - Monitoramento: CPU 12.4% | Mem贸ria 73.2% | Clientes ativos 3
2024-12-13 12:00:17,223 - INFO - Monitoramento: CPU 11.3% | Mem贸ria 73.4% | Clientes ativos 3
2024-12-13 12:00:22,225 - INFO - Monitoramento: CPU 13.7% | Mem贸ria 73.4% | Clientes ativos 3
2024-12-13 12:00:27,231 - INFO - Monitoramento: CPU 5.9% | Mem贸ria 73.4% | Clientes ativos 3
2024-12-13 12:00:32,235 - INFO - Monitoramento: CPU 7.8% | Mem贸ria 73.5% | Clientes ativos 3
2024-12-13 12:00:37,239 - INFO - Monitoramento: CPU 14.3% | Mem贸ria 73.7% | Clientes ativos 3
2024-12-13 12:00:42,244 - INFO - Monitoramento: CPU 11.7% | Mem贸ria 73.8% | Clientes ativos 3
2024-12-13 12:00:47,250 - INFO - Monitoramento: CPU 12.7% | Mem贸ria 73.8% | Clientes ativos 3
2024-12-13 12:00:52,255 - INFO - Monitoramento: CPU 9.6% | Mem贸ria 73.6% | Clientes ativos 3
2024-12-13 12:00:57,262 - INFO - Monitoramento: CPU 9.7% | Mem贸ria 73.6% | Clientes ativos 3
2024-12-13 12:01:02,270 - INFO - Monitoramento: CPU 9.1% | Mem贸ria 73.9% | Clientes ativos 3
2024-12-13 12:01:07,277 - INFO - Monitoramento: CPU 9.2% | Mem贸ria 74.0% | Clientes ativos 3
2024-12-13 12:01:12,281 - INFO - Monitoramento: CPU 11.1% | Mem贸ria 74.2% | Clientes ativos 3
2024-12-13 12:01:17,285 - INFO - Monitoramento: CPU 11.8% | Mem贸ria 73.9% | Clientes ativos 3
2024-12-13 12:01:22,293 - INFO - Monitoramento: CPU 12.3% | Mem贸ria 73.8% | Clientes ativos 3
2024-12-13 12:01:27,300 - INFO - Monitoramento: CPU 11.4% | Mem贸ria 73.8% | Clientes ativos 3
2024-12-13 12:01:32,308 - INFO - Monitoramento: CPU 9.5% | Mem贸ria 73.9% | Clientes ativos 3
2024-12-13 12:01:37,313 - INFO - Monitoramento: CPU 13.7% | Mem贸ria 73.9% | Clientes ativos 3
2024-12-13 12:01:42,318 - INFO - Monitoramento: CPU 15.5% | Mem贸ria 73.9% | Clientes ativos 3
2024-12-13 12:01:47,323 - INFO - Monitoramento: CPU 16.6% | Mem贸ria 74.0% | Clientes ativos 3
2024-12-13 12:01:52,327 - INFO - Monitoramento: CPU 21.2% | Mem贸ria 73.9% | Clientes ativos 3
2024-12-13 12:01:57,335 - INFO - Monitoramento: CPU 7.0% | Mem贸ria 73.7% | Clientes ativos 3
2024-12-13 12:02:02,338 - INFO - Monitoramento: CPU 7.4% | Mem贸ria 73.7% | Clientes ativos 3
2024-12-13 12:02:07,343 - INFO - Monitoramento: CPU 9.7% | Mem贸ria 73.7% | Clientes ativos 3
2024-12-13 12:02:12,352 - INFO - Monitoramento: CPU 16.9% | Mem贸ria 73.8% | Clientes ativos 3
2024-12-13 12:02:17,361 - INFO - Monitoramento: CPU 8.9% | Mem贸ria 73.8% | Clientes ativos 3
2024-12-13 12:02:22,373 - INFO - Monitoramento: CPU 13.0% | Mem贸ria 73.9% | Clientes ativos 3
2024-12-13 12:02:27,377 - INFO - Monitoramento: CPU 32.1% | Mem贸ria 73.8% | Clientes ativos 3
2024-12-13 12:02:32,380 - INFO - Monitoramento: CPU 24.0% | Mem贸ria 74.1% | Clientes ativos 3
2024-12-13 12:02:37,385 - INFO - Monitoramento: CPU 29.1% | Mem贸ria 74.2% | Clientes ativos 3
2024-12-13 12:02:38,128 - INFO - Conex茫o encerrada pelo cliente ('127.0.0.1', 49345)
2024-12-13 12:02:38,129 - INFO - Conex茫o fechada com ('127.0.0.1', 49345)
2024-12-13 12:02:42,393 - INFO - Monitoramento: CPU 24.0% | Mem贸ria 74.3% | Clientes ativos 2
2024-12-13 12:02:47,397 - INFO - Monitoramento: CPU 8.7% | Mem贸ria 74.4% | Clientes ativos 2
2024-12-13 12:02:52,401 - INFO - Monitoramento: CPU 9.0% | Mem贸ria 74.2% | Clientes ativos 2
2024-12-13 12:02:57,408 - INFO - Monitoramento: CPU 14.7% | Mem贸ria 74.2% | Clientes ativos 2
2024-12-13 12:02:57,548 - INFO - Conex茫o estabelecida com ('127.0.0.1', 49838)
2024-12-13 12:02:57,548 - INFO - Clientes ativos: 3
2024-12-13 12:03:02,418 - INFO - Monitoramento: CPU 19.1% | Mem贸ria 74.2% | Clientes ativos 3
2024-12-13 12:03:07,426 - INFO - Monitoramento: CPU 22.8% | Mem贸ria 74.3% | Clientes ativos 3
2024-12-13 12:03:12,430 - INFO - Monitoramento: CPU 20.1% | Mem贸ria 74.7% | Clientes ativos 3
2024-12-13 12:03:17,439 - INFO - Monitoramento: CPU 3.7% | Mem贸ria 74.6% | Clientes ativos 3
2024-12-13 12:03:22,446 - INFO - Monitoramento: CPU 20.5% | Mem贸ria 75.1% | Clientes ativos 3
2024-12-13 12:03:27,451 - INFO - Monitoramento: CPU 30.3% | Mem贸ria 77.0% | Clientes ativos 3
2024-12-13 12:03:32,459 - INFO - Monitoramento: CPU 23.9% | Mem贸ria 77.0% | Clientes ativos 3
2024-12-13 12:03:37,470 - INFO - Monitoramento: CPU 21.6% | Mem贸ria 77.0% | Clientes ativos 3
2024-12-13 12:03:42,475 - INFO - Monitoramento: CPU 37.1% | Mem贸ria 77.3% | Clientes ativos 3
2024-12-13 12:03:47,480 - INFO - Monitoramento: CPU 35.8% | Mem贸ria 74.1% | Clientes ativos 2
2024-12-13 12:03:48,287 - INFO - Conex茫o estabelecida com ('127.0.0.1', 49878)
2024-12-13 12:03:48,287 - INFO - Clientes ativos: 3
2024-12-13 12:03:52,487 - INFO - Monitoramento: CPU 6.9% | Mem贸ria 74.0% | Clientes ativos 3
2024-12-13 12:03:57,498 - INFO - Monitoramento: CPU 5.3% | Mem贸ria 73.9% | Clientes ativos 3
2024-12-13 12:04:02,503 - INFO - Monitoramento: CPU 5.5% | Mem贸ria 73.9% | Clientes ativos 3
2024-12-13 12:04:02,956 - INFO - Cliente usuario autenticado.
2024-12-13 12:04:07,509 - INFO - Monitoramento: CPU 4.3% | Mem贸ria 73.8% | Clientes ativos 3
2024-12-13 12:04:12,517 - INFO - Monitoramento: CPU 3.7% | Mem贸ria 73.8% | Clientes ativos 3
2024-12-13 12:04:13,201 - INFO - Conex茫o encerrada pelo cliente ('127.0.0.1', 49878)
2024-12-13 12:04:13,201 - INFO - Conex茫o fechada com ('127.0.0.1', 49878)
2024-12-13 12:04:17,526 - INFO - Monitoramento: CPU 21.7% | Mem贸ria 74.3% | Clientes ativos 2
2024-12-13 12:04:22,529 - INFO - Monitoramento: CPU 12.4% | Mem贸ria 73.8% | Clientes ativos 2
2024-12-13 12:04:27,536 - INFO - Monitoramento: CPU 5.3% | Mem贸ria 73.8% | Clientes ativos 2
2024-12-13 12:04:32,541 - INFO - Monitoramento: CPU 9.7% | Mem贸ria 74.0% | Clientes ativos 2
2024-12-13 12:04:37,546 - INFO - Monitoramento: CPU 14.8% | Mem贸ria 74.3% | Clientes ativos 2
2024-12-13 12:04:42,552 - INFO - Monitoramento: CPU 28.4% | Mem贸ria 74.3% | Clientes ativos 2
2024-12-13 12:04:47,559 - INFO - Monitoramento: CPU 17.7% | Mem贸ria 75.2% | Clientes ativos 2
2024-12-13 12:04:52,567 - INFO - Monitoramento: CPU 6.8% | Mem贸ria 75.0% | Clientes ativos 2
2024-12-13 12:04:57,576 - INFO - Monitoramento: CPU 10.3% | Mem贸ria 75.3% | Clientes ativos 2
2024-12-13 12:05:02,584 - INFO - Monitoramento: CPU 12.0% | Mem贸ria 75.5% | Clientes ativos 2
2024-12-13 12:05:07,588 - INFO - Monitoramento: CPU 31.3% | Mem贸ria 76.8% | Clientes ativos 2
2024-12-13 12:05:12,591 - INFO - Monitoramento: CPU 29.7% | Mem贸ria 76.8% | Clientes ativos 2
2024-12-13 12:05:17,596 - INFO - Monitoramento: CPU 28.1% | Mem贸ria 76.9% | Clientes ativos 2
2024-12-13 12:05:22,600 - INFO - Monitoramento: CPU 27.9% | Mem贸ria 77.0% | Clientes ativos 2
2024-12-13 12:05:27,606 - INFO - Monitoramento: CPU 33.7% | Mem贸ria 77.0% | Clientes ativos 2
2024-12-13 12:05:32,633 - INFO - Monitoramento: CPU 51.3% | Mem贸ria 77.0% | Clientes ativos 2
2024-12-13 12:05:37,640 - INFO - Monitoramento: CPU 23.7% | Mem贸ria 77.1% | Clientes ativos 2
2024-12-13 12:05:38,303 - ERROR - Erro inesperado com ('127.0.0.1', 65454): 
2024-12-13 12:05:38,304 - INFO - Conex茫o fechada com ('127.0.0.1', 65454)
2024-12-13 12:05:44,980 - INFO - Servidor iniciado e escutando na porta 5000...
2024-12-13 12:08:19,060 - INFO - Servidor iniciado e escutando na porta 5000...
2024-12-13 12:09:26,176 - INFO - Conex茫o estabelecida com ('127.0.0.1', 50203)
2024-12-13 12:09:26,177 - INFO - Clientes ativos: 2
2024-12-13 12:09:31,705 - WARNING - Tentativa de autentica莽茫o falhou para usuario.
2024-12-13 12:09:35,492 - INFO - Conex茫o estabelecida com ('127.0.0.1', 50212)
2024-12-13 12:09:35,492 - INFO - Clientes ativos: 2
2024-12-13 12:09:39,511 - INFO - Cliente usuario autenticado.
2024-12-13 12:09:43,862 - INFO - Mensagem recebida de ('127.0.0.1', 50212): boa tarde
2024-12-13 12:12:22,820 - INFO - Mensagem enviada para ('127.0.0.1', 50212): server
2024-12-13 12:12:51,386 - INFO - Mensagem recebida de ('127.0.0.1', 50212): dwad
2024-12-13 12:14:47,459 - INFO - Mensagem enviada para ('127.0.0.1', 50212): xesque
